c1 => 652.951 dmg in 16 frames
c2 => 1351.72 dmg in 62 frames
c1fs => 2082.57 dmg in 84 frames
c3 => 2520.16 dmg in 123 frames
c2fs => 2781.34 dmg in 124 frames
c4 => 3757.33 dmg in 163 frames
c3fs => 3949.78 dmg in 188 frames
c1fs c1fs => 4165.14 dmg in 202 frames
c4fs => 5186.95 dmg in 230 frames
c5 c1 => 5716.19 dmg in 276 frames
c4fs c1 => 5839.9 dmg in 280 frames
c5fs => 6492.86 dmg in 281 frames
c2fs c4 => 6538.68 dmg in 321 frames
c5fs c1 => 7145.81 dmg in 331 frames
c4fs c1fs => 7269.52 dmg in 348 frames
c5fs c2 => 7844.58 dmg in 377 frames
c4fs c2fs => 7968.3 dmg in 388 frames
c5fs c1fs => 8575.43 dmg in 399 frames
c5 c4 => 8820.57 dmg in 423 frames
c4fs c4 => 8944.29 dmg in 427 frames
c5 c4 s1  => 17127.9 dmg in 429 frames
c4fs c4 s1  => 17251.7 dmg in 433 frames
c5fs c3 s1  => 17320.4 dmg in 444 frames
c5fs c2fs s1  => 17581.6 dmg in 445 frames
c5fs c4 s1  => 18557.6 dmg in 484 frames
c4fs c4fs s1  => 18681.3 dmg in 500 frames
c5fs c3fs s1  => 18750 dmg in 509 frames
c5fs c1fs c1fs s1  => 18965.4 dmg in 523 frames
c5 c5 c1 s1  => 19086.8 dmg in 542 frames
c5 c4fs c1 s1  => 19210.5 dmg in 546 frames
c5 c5fs s1  => 19863.5 dmg in 547 frames
c5fs c4fs s1  => 19987.2 dmg in 551 frames
c4fs c2fs c4 s1  => 20033 dmg in 591 frames
c5fs c5 c1 s1  => 20516.4 dmg in 597 frames
c5fs c4fs c1 s1  => 20640.1 dmg in 601 frames
c5fs c5fs s1  => 21293.1 dmg in 602 frames
c5fs c2fs c4 s1  => 21338.9 dmg in 642 frames
c5fs c5fs c1 s1  => 21946 dmg in 652 frames
c5fs c4fs c1fs s1  => 22069.8 dmg in 669 frames
c5 c5 c4 s1  => 22191.2 dmg in 689 frames
c5 c4fs c4 s1  => 22314.9 dmg in 693 frames
c4fs c4fs c4 s1  => 22438.6 dmg in 697 frames
c5fs c5fs c2 s1  => 22644.8 dmg in 698 frames
c5fs c4fs c2fs s1  => 22768.5 dmg in 709 frames
c5fs c5fs c1fs s1  => 23375.7 dmg in 720 frames
c5fs c5 c4 s1  => 23620.8 dmg in 744 frames
c5fs c4fs c4 s1  => 23744.5 dmg in 748 frames
c5fs c5fs c3 s1  => 23813.2 dmg in 759 frames
c5fs c5fs c2fs s1  => 24074.4 dmg in 760 frames
c5fs c4fs c1fs c1fs s1  => 24152.3 dmg in 787 frames
c5fs c5fs c4 s1  => 25050.4 dmg in 799 frames
c5fs c4fs c4fs s1  => 25174.1 dmg in 815 frames
c5fs c5fs c3fs s1  => 25242.9 dmg in 824 frames
c5fs c5fs c1fs c1fs s1  => 25458.2 dmg in 838 frames
c5fs c5 c5 c1 s1  => 25579.7 dmg in 857 frames
c5fs c5 c4fs c1 s1  => 25703.4 dmg in 861 frames
c5fs c5 c5fs s1  => 26356.3 dmg in 862 frames
c5fs c5fs c4fs s1  => 26480 dmg in 866 frames
c5fs c4fs c2fs c4 s1  => 26525.9 dmg in 906 frames
c5fs c5fs c1fs s3  c2fs s1  => 26732.3 dmg in 913 frames
c5fs c5fs c1fs c4 s1  => 27133 dmg in 917 frames
c5fs c5 c4 s1  c2 s2  => 32454 dmg in 923 frames
c5fs c5fs c1 s1  c4 s2  => 33184.8 dmg in 932 frames
c5 c5fs s1  c5fs s2  => 33837.8 dmg in 945 frames
c5fs c5fs s1  c4fs s2  => 33961.5 dmg in 949 frames
c5 c4 s1  c5 c4 s1  => 34255.9 dmg in 969 frames
c5 c4 s1  c4fs c4 s1  => 34379.6 dmg in 973 frames
c4fs c4 s1  c4fs c4 s1  => 34503.3 dmg in 977 frames
c5fs c2fs s1  c5 c4 s1  => 34709.5 dmg in 985 frames
c5fs c2fs s1  c4fs c4 s1  => 34833.2 dmg in 989 frames
c5fs c5fs s1  c5fs s2  => 35267.4 dmg in 1000 frames
c5 c4 s1  c5fs s3  c2fs s1  => 35284.9 dmg in 1020 frames
c5fs c4 s1  c5 c4 s1  => 35685.5 dmg in 1024 frames
c5fs c4 s1  c4fs c4 s1  => 35809.2 dmg in 1028 frames
c5fs c4 s1  c5fs c3 s1  => 35878 dmg in 1039 frames
c5fs c4 s1  c5fs c2fs s1  => 36139.1 dmg in 1040 frames
c4fs c4fs s1  c5fs c2fs s1  => 36262.9 dmg in 1056 frames
c5 c4 s1  c5fs c2 s2  c1 s1  => 41414.3 dmg in 1059 frames
c5 c4 s1  c5fs c1fs s2  c1 s1  => 42145.1 dmg in 1081 frames
c5 c4 s1  c5 c4 s1  c1 s2  => 42390.3 dmg in 1102 frames
c5 c4 s1  c4fs c4 s1  c1 s2  => 42514 dmg in 1106 frames
c4fs c4 s1  c4fs c4 s1  c1 s2  => 42637.7 dmg in 1110 frames
c5fs c4 s1  c5fs c1 s2  c2 s1  => 42843.9 dmg in 1114 frames
c5fs c2fs s1  c4fs c4 s1  c1 s2  => 42967.6 dmg in 1122 frames
c5 c4 s1  c4fs s3  c4 s1  s2  => 43096.6 dmg in 1125 frames
c4fs c4 s1  c4fs s3  c4 s1  s2  => 43220.3 dmg in 1129 frames
c5fs c2fs s1  c5fs c2fs s1  c1 s2  => 43297.5 dmg in 1134 frames
c5fs c4 s1  c5fs c1fs s2  c1 s1  => 43574.8 dmg in 1136 frames
c5 c4 s1  c4fs s3  c4 s1  c1 s2  => 43800.5 dmg in 1141 frames
c4fs c4 s1  c4fs s3  c4 s1  c1 s2  => 43924.2 dmg in 1145 frames
c5 c4 s1  c5fs s3  c2fs s1  c1 s2  => 44054.2 dmg in 1153 frames
c5fs c2fs s1  c4fs s3  c4 s1  c1 s2  => 44254.1 dmg in 1157 frames
c5fs c2fs s1  c5fs s3  c2fs s1  c1 s2  => 44507.8 dmg in 1169 frames
c5fs c4 s1  c4 s3  c4 s2  c2 s1  => 44553.8 dmg in 1178 frames
c5fs c4 s1  c4 s3  c4fs s1  s2  => 44637.8 dmg in 1180 frames
c5 c5fs s1  c5fs s2  c3 s1  => 44665.3 dmg in 1188 frames
c5 c5fs s1  c5fs s2  c2fs s1  => 44926.5 dmg in 1189 frames
c5 c4 s1  c5fs s3  c4 s1  c1 s2  => 45106.4 dmg in 1192 frames
c5fs c4 s1  c4 s3  c4fs s1  c1 s2  => 45341.7 dmg in 1196 frames
c5fs c2fs s1  c5fs s3  c4 s1  c1 s2  => 45560 dmg in 1208 frames
c5 c4 s1  c5fs s3  c2fs s1  c1fs s2  => 45595.4 dmg in 1221 frames
c5fs c2fs s1  c4fs s3  c4fs s1  c1 s2  => 45795.3 dmg in 1224 frames
c5 c5fs s1  c5fs s2  c4 s1  => 45902.5 dmg in 1228 frames
c5fs c4 s1  c4 s3  c5fs s1  s2  => 46045.6 dmg in 1231 frames
c5fs c2fs s1  c5fs s3  c2fs s1  c1fs s2  => 46049 dmg in 1237 frames
c5fs c4 s1  c5fs s3  c1fs s2  c1fs s1  => 46271.7 dmg in 1239 frames
c5fs c5fs s1  c5fs s2  c2fs s1  => 46356.1 dmg in 1244 frames
c5fs c4 s1  c4 s3  c5fs s1  c1 s2  => 46749.5 dmg in 1247 frames
c4fs c4fs s1  c4 s3  c5fs s1  c1 s2  => 46873.2 dmg in 1263 frames
c5fs c4 s1  c4 s3  c4fs s1  c1fs s2  => 46882.9 dmg in 1264 frames
c5 c5fs s1  c2fs s3  c5fs s1  c1 s2  => 47079.4 dmg in 1271 frames
c5fs c4fs s1  c2fs s3  c5fs s1  c1 s2  => 47203.2 dmg in 1275 frames
c5fs c5fs s1  c5fs s2  c4 s1  => 47332.1 dmg in 1283 frames
c5fs c2fs s1  c4fs s3  c4fs s1  c1fs s2  => 47336.5 dmg in 1292 frames
c5fs c4 s1  c4 s3  c5fs s1  c2 s2  => 47502.8 dmg in 1293 frames
c5 c5fs s1  c5fs s3  c1fs s2  c1fs s1  => 47577.6 dmg in 1302 frames
c5fs c4 s1  c4 s3  c4fs s1  c2fs s2  => 47636.2 dmg in 1304 frames
c5fs c4fs s1  c5fs s3  c1fs s2  c1fs s1  => 47701.3 dmg in 1306 frames
c5 c5fs s1  c4 s3  c5fs s1  c1 s2  => 48055.4 dmg in 1310 frames
c5fs c4fs s1  c4 s3  c5fs s1  c1 s2  => 48179.1 dmg in 1314 frames
c5fs c4 s1  c4 s3  c5fs s1  c1fs s2  => 48290.7 dmg in 1315 frames
c5fs c5fs s1  c2fs s3  c5fs s1  c1 s2  => 48509.1 dmg in 1326 frames
c5fs c5fs s1  c2 s3  c5fs s2  c1fs s1  => 48620.6 dmg in 1335 frames
c5fs c4fs s1  c2fs s3  c5fs s1  c1fs s2  => 48744.4 dmg in 1343 frames
c5fs c5fs s1  c4 s3  c5fs s1  s2  => 48781.1 dmg in 1349 frames
c5fs c4 s1  c4 s3  c5fs s1  c2fs s2  => 49044.1 dmg in 1355 frames
c5fs c5fs s1  c1fs s3  c5fs s2  c1fs s1  => 49351.5 dmg in 1357 frames
c5fs c5fs s1  c4 s3  c5fs s1  c1 s2  => 49485 dmg in 1365 frames
c5 c5fs s1  c4 s3  c5fs s1  c1fs s2  => 49596.6 dmg in 1378 frames
c5fs c4fs s1  c4fs s3  c5fs s1  c1 s2  => 49608.8 dmg in 1381 frames
c5fs c4fs s1  c4 s3  c5fs s1  c1fs s2  => 49720.4 dmg in 1382 frames
c5fs c5fs s1  c1fs s3  c4 s2  c4fs s1  => 49749.1 dmg in 1385 frames
c5fs c5fs s1  c3 s3  c5fs s1  c1fs s2  => 49789.1 dmg in 1393 frames
c5fs c4 s1  c4 s3  c5fs s1  c4 s2  => 50096.2 dmg in 1394 frames
c5fs c5fs s1  c1fs s3  c5fs s2  c2fs s1  => 50104.8 dmg in 1397 frames
c5fs c4 s1  c4 s3  c4fs s1  c4fs s2  => 50229.6 dmg in 1410 frames
c5fs c5fs s1  c4 s3  c5fs s1  c2 s2  => 50238.4 dmg in 1411 frames
c5fs c5fs s1  c2 s3  c5fs s2  c4 s1  => 50426.1 dmg in 1414 frames
c5fs c4fs s1  c2fs s3  c5fs s1  c4 s2  => 50549.9 dmg in 1422 frames
c5 c5fs s1  c5fs s3  c5fs s1  c1 s2  => 50790.9 dmg in 1428 frames
c5fs c5fs s1  c4fs s3  c5fs s1  c1 s2  => 50914.7 dmg in 1432 frames
c5fs c5fs s1  c4 s3  c5fs s1  c1fs s2  => 51026.3 dmg in 1433 frames
c5fs c5fs s1  c1fs s3  c5fs s2  c4 s1  => 51157 dmg in 1436 frames
c5fs c5fs s1  c1fs s3  c4fs s2  c4fs s1  => 51290.4 dmg in 1452 frames
c5 c5fs s1  c4 s3  c5fs s1  c4 s2  => 51402.1 dmg in 1457 frames
c5fs c4 s1  c4 s3  c5fs s1  c4fs s2  => 51637.4 dmg in 1461 frames
c5fs c5fs s1  c2fs s3  c5fs s1  c4 s2  => 51855.8 dmg in 1473 frames
c5fs c5fs s1  c2 s3  c4fs s2  c5fs s1  => 51967.3 dmg in 1481 frames
c5fs c5fs s1  c5fs s3  c5fs s1  c1 s2  => 52220.6 dmg in 1483 frames
c5fs c5fs c2 s3  c1fs s1  c2fs s2  c5fs s1  => 52267.5 dmg in 1493 frames
c5 c5fs s1  c5fs s3  c5fs s1  c1fs s2  => 52332.2 dmg in 1496 frames
c5fs c5fs s1  c4fs s3  c5fs s1  c1fs s2  => 52455.9 dmg in 1500 frames
c5fs c5fs s1  c1fs s3  c4fs s2  c5fs s1  => 52698.2 dmg in 1503 frames
c5fs c4 s1  c4 s3  c5fs s1  c5fs s2  => 53045.3 dmg in 1512 frames
c4fs c4fs s1  c4 s3  c5fs s1  c5fs s2  => 53169 dmg in 1528 frames
c5fs c5fs s1  c2 s3  c5fs s2  c5fs s1  => 53375.2 dmg in 1532 frames
c5fs c4fs s1  c2fs s3  c5fs s1  c5fs s2  => 53498.9 dmg in 1540 frames
c5fs c5fs s1  c5fs s3  c5fs s1  c1fs s2  => 53761.8 dmg in 1551 frames
c5fs c5fs s1  c1fs s3  c5fs s2  c5fs s1  => 54106 dmg in 1554 frames
c4fs c4 s1  c4fs s3  c4 s1  c5fs c2fs s1  => 54108.8 dmg in 1568 frames
c5fs c5fs c1fs s3  c1fs s1  c4fs s2  c4fs s1  => 54183.9 dmg in 1570 frames
c5 c5fs s1  c4 s3  c5fs s1  c5fs s2  => 54351.2 dmg in 1575 frames
c5fs c4fs s1  c4 s3  c5fs s1  c5fs s2  => 54474.9 dmg in 1579 frames
c5fs c5fs s1  c3 s3  c5fs s1  c5fs s2  => 54543.6 dmg in 1590 frames
c5fs c5fs s1  c2fs s3  c5fs s1  c5fs s2  => 54804.8 dmg in 1591 frames
c5 c4 s1  c5 c4 s1  c4 s2  c4fs s1  => 58989 dmg in 1599 frames
c5 c4 s1  c4fs c4 s1  c4 s2  c4fs s1  => 59112.7 dmg in 1603 frames
c4fs c4 s1  c4fs c4 s1  c4 s2  c4fs s1  => 59236.4 dmg in 1607 frames
c5 c4 s1  c5 c4 s1  c2fs s2  c5fs s1  => 59318.9 dmg in 1611 frames
c5 c4 s1  c4fs c4 s1  c2fs s2  c5fs s1  => 59442.6 dmg in 1615 frames
c4fs c4 s1  c4fs c4 s1  c2fs s2  c5fs s1  => 59566.3 dmg in 1619 frames
c5fs c2fs s1  c5 c4 s1  c2fs s2  c5fs s1  => 59772.5 dmg in 1627 frames
c5fs c2fs s1  c4fs c4 s1  c2fs s2  c5fs s1  => 59896.3 dmg in 1631 frames
c5 c4 s1  c4fs s3  c4 s1  c4 s2  c4fs s1  => 61694.8 dmg in 1638 frames
c4fs c4 s1  c4fs s3  c4 s1  c4 s2  c4fs s1  => 61818.6 dmg in 1642 frames
c5 c4 s1  c4fs s3  c4 s1  c5fs s2  c2fs s1  => 62050.5 dmg in 1650 frames
c4fs c4 s1  c4fs s3  c4 s1  c5fs s2  c2fs s1  => 62174.2 dmg in 1654 frames
c5 c4 s1  c5fs s3  c2fs s1  c2fs s2  c5fs s1  => 62304.2 dmg in 1662 frames
c5fs c2fs s1  c4fs s3  c4 s1  c5fs s2  c2fs s1  => 62504.1 dmg in 1666 frames
c5fs c2fs s1  c5fs s3  c2fs s1  c2fs s2  c5fs s1  => 62757.9 dmg in 1678 frames
c5 c4 s1  c4fs s3  c4 s1  c5fs s2  c4 s1  => 63102.7 dmg in 1689 frames
c5fs c4 s1  c4 s3  c4fs s1  c4fs s2  c4 s1  => 63236 dmg in 1693 frames
c5 c4 s1  c5fs s3  c4 s1  c5fs s2  c2fs s1  => 63356.4 dmg in 1701 frames
c5fs c4 s1  c4 s3  c4fs s1  c2fs s2  c5fs s1  => 63591.7 dmg in 1705 frames
c5fs c2fs s1  c5fs s3  c4 s1  c5fs s2  c2fs s1  => 63810 dmg in 1717 frames
c5fs c2fs s1  c4fs s3  c4fs s1  c2fs s2  c5fs s1  => 64045.3 dmg in 1733 frames
c5 c4 s1  c5fs s3  c4 s1  c5fs s2  c4 s1  => 64408.6 dmg in 1740 frames
c5fs c4 s1  c4 s3  c4fs s1  c4 s2  c5fs s1  => 64643.9 dmg in 1744 frames
c5fs c4 s1  c4 s3  c5fs s1  c3 s2  c5fs s1  => 64718 dmg in 1755 frames
c5fs c4 s1  c4 s3  c5fs s1  c2fs s2  c5fs s1  => 64999.5 dmg in 1756 frames
c4fs c4fs s1  c4 s3  c5fs s1  c2fs s2  c5fs s1  => 65123.3 dmg in 1772 frames
c5 c5fs s1  c2fs s3  c5fs s1  c2fs s2  c5fs s1  => 65329.5 dmg in 1780 frames
c5fs c4fs s1  c2fs s3  c5fs s1  c2fs s2  c5fs s1  => 65453.2 dmg in 1784 frames
c5fs c4 s1  c4 s3  c5fs s1  c4 s2  c5fs s1  => 66051.7 dmg in 1795 frames
c5fs c4 s1  c4 s3  c4fs s1  c4fs s2  c5fs s1  => 66185.1 dmg in 1811 frames
c5 c5fs s1  c2fs s3  c5fs s1  c4 s2  c5fs s1  => 66381.6 dmg in 1819 frames
c5fs c4fs s1  c2fs s3  c5fs s1  c4 s2  c5fs s1  => 66505.3 dmg in 1823 frames
c5fs c5fs s1  c2fs s3  c5fs s1  c2fs s2  c5fs s1  => 66759.1 dmg in 1835 frames
c5 c5fs s1  c4 s3  c5fs s1  c4 s2  c5fs s1  => 67357.6 dmg in 1858 frames
c5fs c4 s1  c4 s3  c5fs s1  c4fs s2  c5fs s1  => 67592.9 dmg in 1862 frames
c5fs c5fs s1  c2fs s3  c5fs s1  c4 s2  c5fs s1  => 67811.2 dmg in 1874 frames
c5 c5fs s1  c2fs s3  c5fs s1  c4fs s2  c5fs s1  => 67922.8 dmg in 1886 frames
c5fs c4fs s1  c2fs s3  c5fs s1  c4fs s2  c5fs s1  => 68046.6 dmg in 1890 frames
c5fs c4 s1  c4 s3  c5fs s1  c5 c1 s2  c5fs s1  => 68163.5 dmg in 1908 frames
c5fs c4 s1  c4 s3  c5fs s1  c4fs c1 s2  c5fs s1  => 68296.8 dmg in 1912 frames
c5fs c4 s1  c4 s3  c5fs s1  c5fs s2  c5fs s1  => 69000.8 dmg in 1913 frames
c4fs c4fs s1  c4 s3  c5fs s1  c5fs s2  c5fs s1  => 69124.5 dmg in 1929 frames
c5 c5fs s1  c2fs s3  c5fs s1  c5fs s2  c5fs s1  => 69330.7 dmg in 1937 frames
c5fs c4fs s1  c2fs s3  c5fs s1  c5fs s2  c5fs s1  => 69454.4 dmg in 1941 frames
c5fs c4 s1  c4 s3  c5fs s1  c5fs c1 s2  c5fs s1  => 69704.7 dmg in 1963 frames
c5 c5fs s1  c4 s3  c5fs s1  c5fs s2  c5fs s1  => 70306.7 dmg in 1976 frames
c5fs c4fs s1  c4 s3  c5fs s1  c5fs s2  c5fs s1  => 70430.4 dmg in 1980 frames
c5fs c5fs s1  c3 s3  c5fs s1  c5fs s2  c5fs s1  => 70499.1 dmg in 1991 frames
c5fs c5fs s1  c2fs s3  c5fs s1  c5fs s2  c5fs s1  => 70760.3 dmg in 1992 frames
c5fs c5fs s1  c1fs s3  c5fs s2  c1fs s1  c5 c5fs s1  => 70765.4 dmg in 2015 frames
c5fs c4fs s1  c1fs c1fs s3  c5fs s1  c5fs s2  c5fs s1  => 70838.2 dmg in 2019 frames
c5fs c4 s1  c5 c2 s2  c4 s1  c5 c4 s1  c4 s2  => 72885.4 dmg in 2026 frames
c5fs c4 s1  c5fs c1 s2  c4 s1  c5 c4 s1  c4 s2  => 73616.2 dmg in 2035 frames
c5 c5fs s1  c5fs s2  c4 s1  c5 c4 s1  c4 s2  => 74269.2 dmg in 2048 frames
c5fs c5fs s1  c4fs s2  c4 s1  c5 c4 s1  c4 s2  => 74392.9 dmg in 2052 frames
c5fs c5fs c1 s1  c4 s2  c5fs s1  c5fs c4 s1  c1 s2  => 74677 dmg in 2061 frames
c5fs c5fs s1  c4fs s2  c5fs s1  c5 c4 s1  c2 s2  => 74722.8 dmg in 2069 frames
c5 c5fs s1  c5fs s2  c5fs s1  c5fs c4 s1  c1 s2  => 75330 dmg in 2074 frames
c5fs c5fs s1  c4fs s2  c5fs s1  c5fs c4 s1  c1 s2  => 75453.7 dmg in 2078 frames
c5fs c4 s1  c4 s3  c4 s2  c4 s1  c5 c4 s1  c4 s2  => 76956.4 dmg in 2099 frames
c4fs c4fs s1  c4 s3  c4 s2  c4 s1  c5 c4 s1  c4 s2  => 77080.1 dmg in 2115 frames
c5fs c4 s1  c4 s3  c4 s2  c5fs s1  c5 c4 s1  c2 s2  => 77445.3 dmg in 2116 frames
c5fs c4 s1  c4 s3  c4 s2  c5fs s1  c5fs c4 s1  c1 s2  => 77588.3 dmg in 2125 frames
c5 c5fs s1  c5fs s2  c1 s3  c4 s1  c5 c4 s1  c4 s2  => 77787.9 dmg in 2133 frames
c5 c4 s1  c4fs s3  c4 s2  c1 s1  c5fs c5fs s1  c4 s2  => 78099.9 dmg in 2137 frames
c5fs c4 s1  c4 s3  c4 s2  c5fs s1  c5 c4 s1  c1fs s2  => 78176.1 dmg in 2138 frames
c4fs c4 s1  c4fs s3  c4 s2  c1 s1  c5fs c5fs s1  c4 s2  => 78223.6 dmg in 2141 frames
c5fs c5fs s1  c4 s3  c2 s2  c5fs s1  c5fs c4 s1  c1 s2  => 78429.8 dmg in 2142 frames
c5 c5fs s1  c4 s3  c2fs s2  c5fs s1  c5fs c4 s1  c1 s2  => 78541.4 dmg in 2149 frames
c5fs c4fs s1  c4 s3  c2fs s2  c5fs s1  c5fs c4 s1  c1 s2  => 78665.1 dmg in 2153 frames
c5 c5fs s1  c5fs s2  c1 s3  c5fs s1  c5fs c4 s1  c1 s2  => 78931.5 dmg in 2159 frames
c5fs c5fs s1  c4fs s2  c1 s3  c5fs s1  c5fs c4 s1  c1 s2  => 79055.2 dmg in 2163 frames
c5fs c5fs s1  c4 s3  c1fs s2  c5fs s1  c5fs c4 s1  c1 s2  => 79217.7 dmg in 2164 frames
c5fs c5fs s1  c1fs s3  c4 s2  c5fs s1  c5 c4 s1  c1fs s2  => 79236.9 dmg in 2177 frames
c5 c4 s1  c4fs s3  c4 s1  c5 c4 s1  c4fs s2  c4 s1  => 79269 dmg in 2178 frames
c5fs c4fs s1  c4fs s3  c1fs s2  c5fs s1  c5fs c4 s1  c1 s2  => 79341.5 dmg in 2180 frames
c5 c4 s1  c4fs s3  c4 s1  c4fs s2  c4 s1  c4fs c4 s1  => 79402.3 dmg in 2182 frames
c4fs c4 s1  c4fs s3  c4 s1  c4fs s2  c4 s1  c4fs c4 s1  => 79526.1 dmg in 2186 frames
c5fs c5fs s1  c4 s3  c2 s2  c5fs s1  c5 c5fs s1  s2  => 79717.7 dmg in 2189 frames
c5fs c5fs s1  c4 s3  c2 s2  c5fs s1  c5fs c4fs s1  s2  => 79851.1 dmg in 2193 frames
c4fs c4 s1  c4fs s3  c4 s1  c4fs c4 s1  c5fs s2  c2fs s1  => 79957.9 dmg in 2198 frames
c5fs c5fs s1  c4 s3  c2fs s2  c5fs s1  c5fs c4 s1  c1 s2  => 79971.1 dmg in 2204 frames
c5 c4 s1  c4fs s3  c4 s1  c5fs c2fs s1  c5fs s2  c2fs s1  => 80189.8 dmg in 2206 frames
c4fs c4 s1  c4fs s3  c4 s1  c5fs c2fs s1  c5fs s2  c2fs s1  => 80313.6 dmg in 2210 frames
c5fs c5fs s1  c5fs s2  c1 s3  c5fs s1  c5fs c4 s1  c1 s2  => 80361.1 dmg in 2214 frames
c5 c4 s1  c5fs s3  c2fs s1  c5fs c2fs s1  c5fs s2  c2fs s1  => 80443.6 dmg in 2218 frames
c5fs c2fs s1  c4fs s3  c4 s1  c5fs c2fs s1  c5fs s2  c2fs s1  => 80643.5 dmg in 2222 frames
c5 c4 s1  c5fs c2 s2  c1 s1  c5 c4 s1  c5fs c2 s2  c1 s1  => 82828.6 dmg in 2229 frames
c5 c4 s1  c5fs c2 s2  c1 s1  c4fs c4 s1  c5fs c2 s2  c1 s1  => 82952.3 dmg in 2233 frames
c5 c4 s1  c5fs c2 s2  c1 s1  c5fs c3 s1  c5fs c2 s2  c1 s1  => 83021 dmg in 2244 frames
c5 c4 s1  c5fs c2 s2  c1 s1  c5fs c2fs s1  c5fs c2 s2  c1 s1  => 83282.2 dmg in 2245 frames
c5 c4 s1  c5fs c2 s2  c1 s1  c5 c4 s1  c5fs c1fs s2  c1 s1  => 83559.4 dmg in 2251 frames
c5 c4 s1  c5fs c2 s2  c1 s1  c4fs c4 s1  c5fs c1fs s2  c1 s1  => 83683.2 dmg in 2255 frames
c5 c4 s1  c5fs c2 s2  c1 s1  c5fs c3 s1  c1fs c5fs s2  c1 s1  => 83751.9 dmg in 2266 frames
c5 c4 s1  c5fs c2 s2  c1 s1  c5fs c2fs s1  c5fs c1fs s2  c1 s1  => 84013.1 dmg in 2267 frames
c5 c4 s1  c5fs c1fs s2  c1 s1  c5 c4 s1  c1fs c5fs s2  c1 s1  => 84290.3 dmg in 2273 frames
c5 c4 s1  c5fs c2 s2  c1 s1  c4 s3  c4fs s1  c5 c3 s2  c1 s1  => 85329.6 dmg in 2274 frames
c5 c4 s1  c5fs c2 s2  c1 s1  c4 s3  c5 s1  c5fs c2 s2  c1 s1  => 85477.8 dmg in 2279 frames
c5 c4 s1  c5fs c2 s2  c1 s1  c3 s3  c5fs s1  c5 c3 s2  c1 s1  => 85500.2 dmg in 2285 frames
c5 c4 s1  c5fs c2 s2  c1 s1  c4 s3  c4fs s1  c5fs c1fs s2  c1 s1  => 86399 dmg in 2290 frames
c5 c4 s1  c5fs c2 s2  c1 s1  c3 s3  c5fs s1  c5fs c1fs s2  c1 s1  => 86569.7 dmg in 2301 frames
c5 c4 s1  c5fs s3  c2fs s2  s1  c5 c4 s1  c5fs c2 s2  c1 s1  => 86608.4 dmg in 2310 frames
c5 c4 s1  c4fs s3  c4 s1  c1 s2  c5fs c2 s1  c5 c4 s1  c1 s2  => 86870.8 dmg in 2311 frames
c5 c4 s1  c5fs c1fs s2  c1 s1  c4 s3  c4fs s1  c5fs c1fs s2  c1 s1  => 87129.9 dmg in 2312 frames
c4fs c4 s1  c4fs s3  c4 s1  c1 s2  c5fs c2 s1  c4fs c4 s1  c1 s2  => 87178.8 dmg in 2319 frames
c4fs c4 s1  c4fs s3  c4 s2  c1 s1  c4fs c4 s1  c5fs c2 s2  c1 s1  => 87204 dmg in 2322 frames
c5 c4 s1  c5fs c1fs s2  c1 s1  c3 s3  c5fs s1  c5fs c1fs s2  c1 s1  => 87300.6 dmg in 2323 frames
c5 c4 s1  c4fs s3  c4 s1  c1 s2  c5fs c2 s1  c2fs c5fs s1  c1 s2  => 87343 dmg in 2327 frames
c5 c4 s1  c4fs s3  c4 s2  c1 s1  c5fs c2fs s1  c5fs c2 s2  c1 s1  => 87436 dmg in 2330 frames
c5fs c2fs s1  c4fs s3  c4 s1  c1 s2  c5fs c2 s1  c4fs c4 s1  c1 s2  => 87508.7 dmg in 2331 frames
c5 c4 s1  c4fs s3  c4 s1  c1 s2  c5fs c1fs s1  c5 c4 s1  c1 s2  => 87658.7 dmg in 2333 frames
c5 c4 s1  c4fs s3  c4 s2  c1 s1  c5 c4 s1  c5fs c1fs s2  c1 s1  => 87677.8 dmg in 2336 frames
c5 c4 s1  c4fs s3  c4 s1  c1 s2  c5fs c1fs s1  c4fs c4 s1  c1 s2  => 87792 dmg in 2337 frames
c5 c4 s1  c4fs s3  c4 s2  c1 s1  c4fs c4 s1  c5fs c1fs s2  c1 s1  => 87811.2 dmg in 2340 frames
c4fs c4 s1  c4fs s3  c4 s1  c1 s2  c5fs c1fs s1  c4fs c4 s1  c1 s2  => 87915.8 dmg in 2341 frames
c4fs c4 s1  c4fs s3  c4 s2  c1 s1  c4fs c4 s1  c5fs c1fs s2  c1 s1  => 87934.9 dmg in 2344 frames
c5 c4 s1  c5fs s3  c2fs s1  c1 s2  c5fs c1fs s1  c5 c4 s1  c1 s2  => 87963.4 dmg in 2345 frames
c5fs c2fs s1  c4fs s3  c4 s1  c1 s2  c5fs c1fs s1  c5 c4 s1  c1 s2  => 88112.3 dmg in 2349 frames
c5 c4 s1  c4fs s3  c4 s2  c1 s1  c5fs c2fs s1  c5fs c1fs s2  c1 s1  => 88166.8 dmg in 2352 frames
c5fs c2fs s1  c4fs s3  c4 s1  c1 s2  c5fs c1fs s1  c4fs c4 s1  c1 s2  => 88245.7 dmg in 2353 frames
c4fs c4 s1  c4fs s3  c4 s2  c1 s1  c5fs c2fs s1  c5fs c1fs s2  c1 s1  => 88290.5 dmg in 2356 frames
c5fs c4 s1  c4 s3  c4 s2  c2 s1  c5 c4 s1  c5fs s2  c2fs s1  => 88375 dmg in 2360 frames
c5 c4 s1  c5fs s3  c2fs s1  c1 s2  c5fs c1fs s1  c5fs c2fs s1  c1 s2  => 88477.6 dmg in 2361 frames
c5 c4 s1  c5fs c1fs s2  c1 s1  c4 s3  c5fs s1  c5fs c1fs s2  c1 s1  => 88537.7 dmg in 2363 frames
c4fs c4 s1  c5fs s3  c2fs s1  c1 s2  c5fs c1fs s1  c5fs c2fs s1  c1 s2  => 88601.3 dmg in 2365 frames
c5fs c2fs s1  c4fs s3  c4 s2  c1 s1  c5fs c2fs s1  c5fs c1fs s2  c1 s1  => 88620.5 dmg in 2368 frames
c5 c4 s1  c4fs s3  c4 s1  c1 s2  c5fs c1fs s1  c4 s3  c4fs s1  c1 s2  => 89078.5 dmg in 2372 frames
c4fs c4 s1  c4fs s3  c4 s1  c1 s2  c5fs c1fs s1  c4 s3  c4fs s1  c1 s2  => 89202.2 dmg in 2376 frames
c4fs c4 s1  c4fs s3  c4 s1  c2fs s2  c5fs s1  c5fs c4 s1  c1 s2  => 89261.4 dmg in 2382 frames
c5 c4 s1  c5fs s3  c2fs s1  c1 s2  c5fs c1fs s1  c4 s3  c4fs s1  c1 s2  => 89332.2 dmg in 2384 frames
c5fs c2fs s1  c4fs s3  c4 s1  c1 s2  c5fs c1fs s1  c4 s3  c4fs s1  c1 s2  => 89532.1 dmg in 2388 frames
c4fs c4 s1  c5fs s3  c2fs s1  c2fs s2  c5fs s1  c5fs c4 s1  c1 s2  => 89626.7 dmg in 2394 frames
c4fs c4 s1  c5fs s3  c2fs s2  c1 s1  c5fs c4 s1  c5fs s2  c2fs s1  => 89642.3 dmg in 2397 frames
c5fs c2fs s1  c5fs s3  c2fs s1  c1 s2  c5fs c1fs s1  c4 s3  c4fs s1  c1 s2  => 89785.9 dmg in 2400 frames
c4fs c4 s1  c4fs s3  c4 s1  c2 s2  c5fs c1 s1  c4 s3  c5fs s1  c1 s2  => 89822.2 dmg in 2405 frames
c5fs c2fs s1  c5fs s3  c2fs s1  c2fs s2  c5fs s1  c5fs c4 s1  c1 s2  => 89956.6 dmg in 2406 frames
c5fs c4 s1  c5fs c1 s2  c1fs s1  c4 s3  c5fs s1  c5fs s2  c2fs s1  => 90016.8 dmg in 2408 frames
c5fs c4fs s1  c5fs s2  c2fs s1  c4 s3  c4fs s1  c5fs s2  c2fs s1  => 90084.4 dmg in 2414 frames
c5 c4 s1  c4fs s3  c4 s1  c4 s2  c5fs s1  c5fs c4 s1  c1 s2  => 90189.9 dmg in 2417 frames
c4fs c4 s1  c4fs s3  c4 s1  c4 s2  c5fs s1  c5fs c4 s1  c1 s2  => 90313.6 dmg in 2421 frames
c5 c5fs s1  c5fs s2  c2fs s1  c2fs s3  c5fs s1  c5fs s2  c2fs s1  => 90392.5 dmg in 2422 frames
c5 c4 s1  c4fs s3  c4 s1  c1fs s2  c5fs c1 s1  c4 s3  c5fs s1  c1 s2  => 90486.3 dmg in 2423 frames
c5fs c4fs s1  c5fs s2  c2fs s1  c2fs s3  c5fs s1  c5fs s2  c2fs s1  => 90516.2 dmg in 2426 frames
c5fs c4 s1  c4 s3  c4fs s1  c1 s2  c5fs c1fs s1  c4 s3  c4fs s1  c1 s2  => 90619.7 dmg in 2427 frames
c5fs c2fs s1  c4fs s3  c4 s1  c4 s2  c5fs s1  c5fs c4 s1  c1 s2  => 90643.5 dmg in 2433 frames
c5 c4 s1  c5fs s3  c2fs s1  c1fs s2  c5fs c1 s1  c4 s3  c5fs s1  c1 s2  => 90740.1 dmg in 2435 frames
c5fs c2fs s1  c4fs s3  c4 s1  c1fs s2  c5fs c1 s1  c4 s3  c5fs s1  c1 s2  => 90940 dmg in 2439 frames
c5fs c4 s1  c5fs c1 s2  c1fs s1  c4 s3  c5fs s1  c5fs s2  c4 s1  => 91068.9 dmg in 2447 frames
c5fs c2fs s1  c5fs s3  c2fs s1  c1fs s2  c5fs c1 s1  c4 s3  c5fs s1  c1 s2  => 91193.7 dmg in 2451 frames
c5fs c4 s1  c4 s3  c4fs s1  c2 s2  c5fs c1 s1  c4 s3  c5fs s1  c1 s2  => 91239.7 dmg in 2456 frames
c5 c4 s1  c4fs s3  c4 s1  c2fs s2  c5fs s1  c4 s3  c5fs s1  c2 s2  => 91289.1 dmg in 2459 frames
c5 c5fs s1  c5fs s2  c2fs s1  c2fs s3  c5fs s1  c5fs s2  c4 s1  => 91444.7 dmg in 2461 frames
c5fs c4fs s1  c5fs s2  c2fs s1  c2fs s3  c5fs s1  c5fs s2  c4 s1  => 91568.4 dmg in 2465 frames
c5fs c4 s1  c4fs s3  c4 s1  c4 s2  c5fs s1  c5fs c4 s1  c1 s2  => 91619.5 dmg in 2472 frames
c5 c4 s1  c5fs s3  c4 s1  c1fs s2  c5fs c1 s1  c4 s3  c5fs s1  c1 s2  => 91792.2 dmg in 2474 frames
c5fs c5fs s1  c5fs s2  c2fs s1  c2fs s3  c5fs s1  c5fs s2  c2fs s1  => 91822.1 dmg in 2477 frames
c5fs c4 s1  c4 s3  c4fs s1  c1fs s2  c5fs c1 s1  c4 s3  c5fs s1  c1 s2  => 92027.5 dmg in 2478 frames
c5 c4 s1  c4fs s3  c4 s1  c2fs s2  c5fs s1  c4fs s3  c5fs s1  c1 s2  => 92076.9 dmg in 2480 frames
c4fs c4 s1  c4fs s3  c4 s1  c2fs s2  c5fs s1  c4fs s3  c5fs s1  c1 s2  => 92200.7 dmg in 2484 frames
c5fs c2fs s1  c5fs s3  c4 s1  c1fs s2  c5fs c1 s1  c4 s3  c5fs s1  c1 s2  => 92245.9 dmg in 2490 frames
c5 c4 s1  c5fs s3  c2fs s1  c2fs s2  c5fs s1  c4fs s3  c5fs s1  c1 s2  => 92330.7 dmg in 2492 frames
c5fs c2fs s1  c4fs s3  c4 s1  c2fs s2  c5fs s1  c4fs s3  c5fs s1  c1 s2  => 92530.6 dmg in 2496 frames
c5fs c5fs s1  c4fs s2  c4 s1  c2fs s3  c5fs s1  c5fs s2  c4 s1  => 92544.4 dmg in 2504 frames
c5fs c4 s1  c4 s3  c5fs s1  c2 s2  c5fs c1 s1  c4 s3  c5fs s1  c1 s2  => 92550.9 dmg in 2507 frames
c5fs c2fs s1  c5fs s3  c2fs s1  c2fs s2  c5fs s1  c4fs s3  c5fs s1  c1 s2  => 92784.3 dmg in 2508 frames
c5fs c4 s1  c4 s3  c4 s2  c4 s1  c5fs s3  c2fs s1  c5fs s2  c2fs s1  => 92830.3 dmg in 2512 frames
c5fs c5fs s1  c5fs s2  c2fs s1  c2fs s3  c5fs s1  c5fs s2  c4 s1  => 92874.3 dmg in 2516 frames
c5 c4 s1  c4fs s3  c4 s1  c4 s2  c5fs s1  c4fs s3  c5fs s1  c1 s2  => 93129.1 dmg in 2519 frames
c4fs c4 s1  c4fs s3  c4 s1  c4 s2  c5fs s1  c4fs s3  c5fs s1  c1 s2  => 93252.8 dmg in 2523 frames
c5fs c4 s1  c4 s3  c5fs s1  c1fs s2  c5fs c1 s1  c4 s3  c5fs s1  c1 s2  => 93338.8 dmg in 2529 frames
c5 c4 s1  c5fs s3  c4 s1  c2fs s2  c5fs s1  c4fs s3  c5fs s1  c1 s2  => 93382.9 dmg in 2531 frames
c5fs c2fs s1  c4fs s3  c4 s1  c4 s2  c5fs s1  c4fs s3  c5fs s1  c1 s2  => 93582.8 dmg in 2535 frames
c5fs c4 s1  c4 s3  c4fs s1  c2fs s2  c5fs s1  c4 s3  c5fs s1  c1fs s2  => 93618.2 dmg in 2536 frames
c5 c4 s1  c5fs s3  c2fs s1  c2fs s2  c5fs s1  c5fs s3  c5fs s1  c1 s2  => 93738.5 dmg in 2543 frames
c4fs c4 s1  c5fs s3  c2fs s1  c2fs s2  c5fs s1  c5fs s3  c5fs s1  c1 s2  => 93862.2 dmg in 2547 frames
c5fs c5fs s1  c1fs s3  c4 s2  c4 s1  c5fs s3  c2fs s1  c5fs s2  c2fs s1  => 93891 dmg in 2551 frames
c5fs c3 s1  c5fs s3  c2fs s1  c2fs s2  c5fs s1  c5fs s3  c5fs s1  c1 s2  => 93931 dmg in 2558 frames
c5fs c2fs s1  c5fs s3  c2fs s1  c2fs s2  c5fs s1  c5fs s3  c5fs s1  c1 s2  => 94192.1 dmg in 2559 frames
c5fs c4 s1  c4 s3  c5fs s2  c2 s1  c5fs s3  c4 s1  c5fs s2  c2fs s1  => 94238.1 dmg in 2568 frames
c5 c4 s1  c5fs s3  c4 s1  c4 s2  c5fs s1  c4fs s3  c5fs s1  c1 s2  => 94435 dmg in 2570 frames
c5fs c4 s1  c4fs s3  c4 s1  c4 s2  c5fs s1  c4fs s3  c5fs s1  c1 s2  => 94558.7 dmg in 2574 frames
c5fs c4 s1  c4 s3  c4fs s1  c4 s2  c5fs s1  c4 s3  c5fs s1  c1fs s2  => 94573.8 dmg in 2575 frames
c5fs c5fs s1  c1fs s3  c4 s2  c4 s1  c5fs s3  c4 s1  c4 s2  c4fs s1  => 94587.5 dmg in 2578 frames
c5 c4 s1  c5fs s3  c4 s1  c2fs s2  c5fs s1  c5fs s3  c5fs s1  c1 s2  => 94679.1 dmg in 2582 frames
c5fs c2fs s1  c5fs s3  c4 s1  c4 s2  c5fs s1  c4fs s3  c5fs s1  c1 s2  => 94888.7 dmg in 2586 frames
c5fs c4 s1  c4 s3  c5fs s1  c2fs s2  c5fs s1  c4 s3  c5fs s1  c1fs s2  => 94929.4 dmg in 2587 frames
c5fs c4 s1  c4 s3  c5fs s2  c1fs s1  c5fs s3  c4 s1  c5fs s2  c2fs s1  => 95026 dmg in 2590 frames
c5fs c4 s1  c5fs s3  c2fs s1  c2fs s2  c5fs s1  c5fs s3  c5fs s1  c1 s2  => 95168.1 dmg in 2598 frames
c5fs c4 s1  c4 s3  c5fs s1  c4 s2  c5fs s1  c4 s3  c5fs s1  c2 s2  => 95193.7 dmg in 2604 frames
c5fs c5fs s1  c2 s3  c5fs s2  c1fs s1  c5fs s3  c4 s1  c5fs s2  c2fs s1  => 95355.9 dmg in 2607 frames
c5fs c4 s1  c4 s3  c5fs s1  c4 s2  c4fs s1  c2fs s3  c5fs s1  c4 s2  => 95423.7 dmg in 2615 frames
c5fs c4fs s1  c2fs s3  c5fs s2  c1fs s1  c5fs s3  c4 s1  c5fs s2  c2fs s1  => 95479.6 dmg in 2618 frames
c5 c4 s1  c5fs s3  c4 s1  c4 s2  c5fs s1  c5fs s3  c5fs s1  c1 s2  => 95731.3 dmg in 2621 frames
c5fs c4 s1  c4 s3  c5fs s1  c4 s2  c5fs s1  c4fs s3  c5fs s1  c1 s2  => 95870 dmg in 2625 frames
c5fs c4 s1  c4 s3  c5fs s1  c4 s2  c5fs s1  c4 s3  c5fs s1  c1fs s2  => 95981.6 dmg in 2626 frames
c5fs c5fs s1  c1fs s3  c5fs s2  c1fs s1  c5fs s3  c4 s1  c5fs s2  c2fs s1  => 96086.8 dmg in 2629 frames
c5fs c2fs s1  c5fs s3  c4 s1  c4 s2  c5fs s1  c5fs s3  c5fs s1  c1 s2  => 96184.9 dmg in 2637 frames
c5fs c4 s1  c4 s3  c5fs s2  c1fs s1  c5fs s3  c4fs s1  c4fs s2  c4 s1  => 96211.6 dmg in 2645 frames
c5fs c5fs s1  c2 s3  c5fs s2  c1fs s1  c5fs s3  c4 s1  c5fs s2  c4 s1  => 96408.1 dmg in 2646 frames
c5fs c4fs s1  c2fs s3  c5fs s1  c4 s2  c5fs s1  c4 s3  c5fs s1  c1fs s2  => 96435.2 dmg in 2654 frames
c5fs c4 s1  c4 s3  c5fs s2  c1fs s1  c5fs s3  c4fs s1  c5fs s2  c2fs s1  => 96567.2 dmg in 2657 frames
c5fs c4fs s1  c5fs s3  c2fs s1  c2fs s2  c5fs s1  c5fs s3  c5fs s1  c1 s2  => 96597.8 dmg in 2665 frames
c5fs c4 s1  c4 s3  c5fs s1  c4 s2  c5fs s1  c2fs s3  c5fs s1  c4 s2  => 96831.5 dmg in 2666 frames
c5fs c5fs s1  c1fs s3  c5fs s2  c1fs s1  c5fs s3  c4 s1  c5fs s2  c4 s1  => 97138.9 dmg in 2668 frames
c5fs c4 s1  c4 s3  c5fs s1  c4 s2  c5fs s1  c5fs s3  c5fs s1  c1 s2  => 97175.9 dmg in 2676 frames
c5fs c5fs s1  c1fs s3  c5fs s2  c1fs s1  c5fs s3  c4fs s1  c4fs s2  c4 s1  => 97272.3 dmg in 2684 frames
c5 c5fs s1  c4 s3  c5fs s1  c4 s2  c5fs s1  c4 s3  c5fs s1  c1fs s2  => 97287.5 dmg in 2689 frames
c5 c5fs s1  c4 s3  c5fs s2  c1fs s1  c5fs s3  c4 s1  c5fs s2  c4 s1  => 97384.1 dmg in 2692 frames
c5fs c4fs s1  c4 s3  c5fs s1  c4 s2  c5fs s1  c4 s3  c5fs s1  c1fs s2  => 97411.2 dmg in 2693 frames
c5fs c5fs s1  c1fs s3  c5fs s2  c1fs s1  c5fs s3  c4fs s1  c5fs s2  c2fs s1  => 97628 dmg in 2696 frames
c5fs c5fs s1  c2fs s3  c5fs s1  c4 s2  c5fs s1  c4fs s3  c5fs s1  c1 s2  => 97629.5 dmg in 2704 frames
c5fs c4 s1  c4 s3  c5fs s1  c5fs s2  c4 s1  c4 s3  c5fs s1  c4 s2  => 97787.1 dmg in 2705 frames
c5fs c4 s1  c4 s3  c5fs s2  c1fs s1  c5fs s3  c5fs s1  c5fs s2  c2fs s1  => 97975.1 dmg in 2708 frames
c5fs c4 s1  c4 s3  c4fs s1  c4fs s2  c4 s1  c4 s3  c5fs s1  c5fs s2  => 98017 dmg in 2721 frames
c4fs c4fs s1  c4 s3  c5fs s2  c1fs s1  c5fs s3  c5fs s1  c5fs s2  c2fs s1  => 98098.8 dmg in 2724 frames
c5fs c5fs s1  c2 s3  c5fs s2  c1fs s1  c5fs s3  c5fs s1  c5fs s2  c2fs s1  => 98305 dmg in 2725 frames
c5fs c4 s1  c4 s3  c5fs s1  c4fs s2  c4 s1  c2fs s3  c5fs s1  c5fs s2  => 98372.7 dmg in 2733 frames
c5fs c5fs s1  c1fs s3  c5fs s2  c1fs s1  c5fs s3  c5fs s1  c4fs s2  c4 s1  => 98680.2 dmg in 2735 frames
c5fs c4 s1  c4 s3  c5fs s1  c5fs s2  c5fs s1  c4 s3  c5fs s1  c1fs s2  => 98784.9 dmg in 2744 frames
c5fs c5fs s1  c1fs s3  c5fs s2  c1fs s1  c5fs s3  c5fs s1  c5fs s2  c2fs s1  => 99035.8 dmg in 2747 frames
c5fs c4 s1  c4 s3  c5fs s2  c1fs s1  c5fs s3  c4fs s1  c4fs s2  c5fs s1  => 99160.6 dmg in 2763 frames
c5fs c5fs s1  c2 s3  c5fs s2  c1fs s1  c5fs s3  c5fs s1  c4 s2  c5fs s1  => 99357.1 dmg in 2764 frames
c5 c4 s1  c5 c4 s1  c4fs s2  c4 s1  c5 c4 s1  c4 s2  c4fs s1  => 100850 dmg in 2769 frames
c5 c4 s1  c5 c4 s1  c4 s2  c4fs s1  c4fs c4 s1  c4 s2  c4fs s1  => 100974 dmg in 2773 frames
c5 c4 s1  c4fs c4 s1  c4 s2  c4fs s1  c4fs c4 s1  c4 s2  c4fs s1  => 101097 dmg in 2777 frames
c4fs c4 s1  c4fs c4 s1  c4 s2  c4fs s1  c4fs c4 s1  c4 s2  c4fs s1  => 101221 dmg in 2781 frames
c5fs c2fs s1  c5 c4 s1  c4fs s2  c4 s1  c5 c4 s1  c4 s2  c4fs s1  => 101304 dmg in 2785 frames
c5fs c2fs s1  c5 c4 s1  c4 s2  c4fs s1  c4fs c4 s1  c4 s2  c4fs s1  => 101427 dmg in 2789 frames
c5fs c2fs s1  c4fs c4 s1  c4 s2  c4fs s1  c4fs c4 s1  c4 s2  c4fs s1  => 101551 dmg in 2793 frames
c5 c4 s1  c5 c4 s1  c2fs s2  c5fs s1  c4fs c4 s1  c2fs s2  c5fs s1  => 101634 dmg in 2797 frames
c5 c4 s1  c4fs c4 s1  c2fs s2  c5fs s1  c4fs c4 s1  c2fs s2  c5fs s1  => 101757 dmg in 2801 frames
c4fs c4 s1  c4fs c4 s1  c2fs s2  c5fs s1  c4fs c4 s1  c2fs s2  c5fs s1  => 101881 dmg in 2805 frames
c5 c4 s1  c4fs s3  c4 s1  c4fs s2  c4 s1  c5 c4 s1  c4 s2  c4fs s1  => 103951 dmg in 2808 frames
c5 c4 s1  c4fs s3  c4 s1  c4 s2  c4fs s1  c4fs c4 s1  c4 s2  c4fs s1  => 104135 dmg in 2812 frames
c4fs c4 s1  c4fs s3  c4 s1  c4 s2  c4fs s1  c4fs c4 s1  c4 s2  c4fs s1  => 104259 dmg in 2816 frames
c5 c4 s1  c4fs s3  c4 s1  c2fs s2  c5fs s1  c5 c4 s1  c4 s2  c4fs s1  => 104307 dmg in 2820 frames
c5 c4 s1  c4fs s3  c4 s1  c4fs s2  c4 s1  c4fs c4 s1  c5fs s2  c2fs s1  => 104465 dmg in 2824 frames
c5fs c2fs s1  c4fs s3  c4 s1  c4 s2  c4fs s1  c4fs c4 s1  c4 s2  c4fs s1  => 104589 dmg in 2828 frames
c5 c4 s1  c4fs s3  c4 s1  c2fs s2  c5fs s1  c5 c4 s1  c2fs s2  c5fs s1  => 104637 dmg in 2832 frames
c5 c4 s1  c4fs s3  c4 s1  c2fs s2  c5fs s1  c2fs c5fs s1  c4 s2  c4fs s1  => 104779 dmg in 2836 frames
c5fs c2fs s1  c4fs s3  c4 s1  c4fs s2  c4 s1  c4fs c4 s1  c5fs s2  c2fs s1  => 104919 dmg in 2840 frames
c5 c4 s1  c5fs s3  c2fs s1  c2fs s2  c5fs s1  c5 c4 s1  c2fs s2  c5fs s1  => 104941 dmg in 2844 frames
c5 c4 s1  c4fs s3  c4 s1  c4fs s2  c4 s1  c4 s3  c4fs s1  c4fs s2  c4 s1  => 106667 dmg in 2847 frames
c4fs c4 s1  c4fs s3  c4 s1  c4fs s2  c4 s1  c4 s3  c4fs s1  c4fs s2  c4 s1  => 106790 dmg in 2851 frames
c5 c4 s1  c4fs s3  c4 s1  c4fs s2  c4 s1  c2fs s3  c5fs s1  c4fs s2  c4 s1  => 107022 dmg in 2859 frames
c4fs c4 s1  c4fs s3  c4 s1  c4fs s2  c4 s1  c2fs s3  c5fs s1  c4fs s2  c4 s1  => 107146 dmg in 2863 frames
c5 c4 s1  c4fs s3  c4 s1  c2fs s2  c5fs s1  c4 s3  c4fs s1  c2fs s2  c5fs s1  => 107378 dmg in 2871 frames
c4fs c4 s1  c4fs s3  c4 s1  c2fs s2  c5fs s1  c4 s3  c4fs s1  c2fs s2  c5fs s1  => 107502 dmg in 2875 frames
c5 c4 s1  c4fs s3  c4 s1  c2fs s2  c5fs s1  c2fs s3  c5fs s1  c2fs s2  c5fs s1  => 107734 dmg in 2883 frames
c4fs c4 s1  c4fs s3  c4 s1  c2fs s2  c5fs s1  c2fs s3  c5fs s1  c2fs s2  c5fs s1  => 107857 dmg in 2887 frames
c5 c4 s1  c5fs s3  c2fs s1  c2fs s2  c5fs s1  c5fs s3  c2fs s1  c2fs s2  c5fs s1  => 107987 dmg in 2895 frames
c5 c4 s1  c4fs s3  c4 s1  c4 s2  c4fs s1  c4 s3  c4fs s1  c4 s2  c5fs s1  => 108074 dmg in 2898 frames
c5fs c2fs s1  c4fs s3  c4 s1  c2fs s2  c5fs s1  c2fs s3  c5fs s1  c2fs s2  c5fs s1  => 108187 dmg in 2899 frames
c5fs c4 s1  c4 s3  c4fs s1  c4fs s2  c4 s1  c4 s3  c4fs s1  c4fs s2  c4 s1  => 108208 dmg in 2902 frames
c5 c4 s1  c4fs s3  c4 s1  c4 s2  c5fs s1  c4 s3  c4fs s1  c2fs s2  c5fs s1  => 108430 dmg in 2910 frames
c5fs c2fs s1  c5fs s3  c2fs s1  c2fs s2  c5fs s1  c5fs s3  c2fs s1  c2fs s2  c5fs s1  => 108441 dmg in 2911 frames
c5fs c4 s1  c4 s3  c4fs s1  c4fs s2  c4 s1  c2fs s3  c5fs s1  c4fs s2  c4 s1  => 108563 dmg in 2914 frames
c5 c4 s1  c4fs s3  c4 s1  c2fs s2  c5fs s1  c2fs s3  c5fs s1  c4 s2  c5fs s1  => 108786 dmg in 2922 frames
c5fs c4 s1  c4 s3  c4fs s1  c2fs s2  c5fs s1  c4 s3  c4fs s1  c2fs s2  c5fs s1  => 108919 dmg in 2926 frames
c5 c4 s1  c5fs s3  c4 s1  c2fs s2  c5fs s1  c2fs s3  c5fs s1  c2fs s2  c5fs s1  => 109039 dmg in 2934 frames
c5fs c4 s1  c4 s3  c4fs s1  c2fs s2  c5fs s1  c2fs s3  c5fs s1  c2fs s2  c5fs s1  => 109275 dmg in 2938 frames
c5 c4 s1  c4fs s3  c4 s1  c4fs s2  c4 s1  c4 s3  c5fs s1  c4 s2  c5fs s1  => 109482 dmg in 2949 frames
c5fs c2fs s1  c5fs s3  c4 s1  c2fs s2  c5fs s1  c2fs s3  c5fs s1  c2fs s2  c5fs s1  => 109493 dmg in 2950 frames
c5fs c4 s1  c4 s3  c4fs s1  c4 s2  c4fs s1  c4 s3  c4fs s1  c4 s2  c5fs s1  => 109616 dmg in 2953 frames
c5 c4 s1  c4fs s3  c4 s1  c4 s2  c5fs s1  c2fs s3  c5fs s1  c4 s2  c5fs s1  => 109838 dmg in 2961 frames
c5fs c4 s1  c4 s3  c4fs s1  c4 s2  c4fs s1  c2fs s3  c5fs s1  c4 s2  c5fs s1  => 109971 dmg in 2965 frames
c5 c4 s1  c5fs s3  c4 s1  c2fs s2  c5fs s1  c2fs s3  c5fs s1  c4 s2  c5fs s1  => 110092 dmg in 2973 frames
c5fs c4 s1  c4 s3  c4fs s1  c2fs s2  c5fs s1  c2fs s3  c5fs s1  c4 s2  c5fs s1  => 110327 dmg in 2977 frames
c5fs c4 s1  c4 s3  c5fs s1  c3 s2  c5fs s1  c2fs s3  c5fs s1  c2fs s2  c5fs s1  => 110401 dmg in 2988 frames
c5fs c4 s1  c4 s3  c5fs s1  c2fs s2  c5fs s1  c2fs s3  c5fs s1  c2fs s2  c5fs s1  => 110683 dmg in 2989 frames
c5 c4 s1  c4fs s3  c4 s1  c5fs s2  c4 s1  c4 s3  c5fs s1  c4 s2  c5fs s1  => 110890 dmg in 3000 frames
c5fs c4 s1  c4 s3  c4fs s1  c4fs s2  c4 s1  c4 s3  c5fs s1  c4 s2  c5fs s1  => 111023 dmg in 3004 frames
c5 c4 s1  c5fs s3  c4 s1  c4 s2  c5fs s1  c2fs s3  c5fs s1  c4 s2  c5fs s1  => 111144 dmg in 3012 frames
c5fs c4 s1  c4 s3  c5fs s1  c4 s2  c4fs s1  c2fs s3  c5fs s1  c4 s2  c5fs s1  => 111379 dmg in 3016 frames
c5fs c4 s1  c4 s3  c5fs s1  c3 s2  c5fs s1  c2fs s3  c5fs s1  c4 s2  c5fs s1  => 111453 dmg in 3027 frames
c5fs c4 s1  c4 s3  c5fs s1  c2fs s2  c5fs s1  c2fs s3  c5fs s1  c4 s2  c5fs s1  => 111735 dmg in 3028 frames
c5fs c4 s1  c4 s3  c4fs s1  c2fs s2  c5fs s1  c2fs s3  c5fs s1  c4fs s2  c5fs s1  => 111868 dmg in 3044 frames
c5 c4 s1  c5fs s3  c4 s1  c5fs s2  c4 s1  c4 s3  c5fs s1  c4 s2  c5fs s1  => 112196 dmg in 3051 frames
c5fs c4 s1  c4 s3  c5fs s1  c4fs s2  c4 s1  c4 s3  c5fs s1  c4 s2  c5fs s1  => 112335 dmg in 3055 frames
c5fs c4 s1  c4 s3  c5fs s1  c4 s2  c5fs s1  c3 s3  c5fs s1  c4 s2  c5fs s1  => 112505 dmg in 3066 frames
c5fs c4 s1  c4 s3  c5fs s1  c4 s2  c5fs s1  c2fs s3  c5fs s1  c4 s2  c5fs s1  => 112787 dmg in 3067 frames
c5fs c4 s1  c4 s3  c5fs s1  c4fs s2  c4 s1  c2fs s3  c5fs s1  c4fs s2  c5fs s1  => 112920 dmg in 3083 frames
c5 c5fs s1  c2fs s3  c5fs s1  c4 s2  c5fs s1  c2fs s3  c5fs s1  c4 s2  c5fs s1  => 113117 dmg in 3091 frames
c5fs c4 s1  c4 s3  c5fs s1  c2fs s2  c5fs s1  c2fs s3  c5fs s1  c4fs s2  c5fs s1  => 113276 dmg in 3095 frames
c5fs c4 s1  c4 s3  c5fs s1  c5fs s2  c4 s1  c4 s3  c5fs s1  c4 s2  c5fs s1  => 113743 dmg in 3106 frames
c5 c4 s1  c4fs s3  c4 s1  c5fs s2  c4 s1  c4 s3  c5fs s1  c5fs s2  c5fs s1  => 113839 dmg in 3118 frames
c5fs c4 s1  c4 s3  c4fs s1  c4fs s2  c4 s1  c4 s3  c5fs s1  c5fs s2  c5fs s1  => 113973 dmg in 3122 frames
c5 c4 s1  c5fs s3  c4 s1  c5fs s2  c4 s1  c2fs s3  c5fs s1  c5fs s2  c5fs s1  => 114093 dmg in 3130 frames
c5fs c4 s1  c4 s3  c5fs s1  c5fs s2  c4 s1  c2fs s3  c5fs s1  c4fs s2  c5fs s1  => 114328 dmg in 3134 frames
c5fs c4 s1  c4 s3  c5fs s1  c5fs s2  c3 s1  c2fs s3  c5fs s1  c5fs s2  c5fs s1  => 114402 dmg in 3145 frames
c5fs c4 s1  c4 s3  c5fs s1  c5fs s2  c2fs s1  c2fs s3  c5fs s1  c5fs s2  c5fs s1  => 114684 dmg in 3146 frames
c4fs c4fs s1  c4 s3  c5fs s1  c5fs s2  c2fs s1  c2fs s3  c5fs s1  c5fs s2  c5fs s1  => 114808 dmg in 3162 frames
c5fs c4 s1  c5fs c1 s2  c4 s1  c5 c4 s1  c4 s2  c5fs s1  c5fs c4 s1  c1 s2  => 115108 dmg in 3164 frames
c5 c4 s1  c5fs s3  c4 s1  c5fs s2  c4 s1  c4 s3  c5fs s1  c5fs s2  c5fs s1  => 115145 dmg in 3169 frames
c5fs c5fs s1  c4fs s2  c4 s1  c5 c4 s1  c4 s2  c5fs s1  c5 c4 s1  c2 s2  => 115154 dmg in 3172 frames
c5fs c4 s1  c4 s3  c5fs s1  c5fs s2  c4 s1  c4 s3  c5fs s1  c4fs s2  c5fs s1  => 115284 dmg in 3173 frames
c5 c5fs s1  c5fs s2  c4 s1  c5 c4 s1  c4 s2  c5fs s1  c5fs c4 s1  c1 s2  => 115761 dmg in 3177 frames
c5fs c5fs s1  c4fs s2  c4 s1  c5 c4 s1  c4 s2  c5fs s1  c5fs c4 s1  c1 s2  => 115885 dmg in 3181 frames
c5fs c4 s1  c5fs c1 s2  c1fs s1  c5 c5fs s1  c4 s2  c5fs s1  c5fs c4 s1  c1 s2  => 116169 dmg in 3203 frames
c5fs c4fs s1  c2fs s3  c5fs s1  c5fs s2  c4 s1  c2fs s3  c5fs s1  c5fs s2  c5fs s1  => 116190 dmg in 3213 frames
c5 c4 s1  c5fs c2 s2  c1 s1  c5 c4 s1  c4 s3  c4 s2  c4 s1  c5 c4 s1  c4 s2  => 116941 dmg in 3214 frames
c5fs c4 s1  c4 s3  c4 s2  c4 s1  c5 c4 s1  c4 s2  c5fs s1  c5 c4 s1  c2 s2  => 117718 dmg in 3219 frames
c5fs c4 s1  c4 s3  c4 s2  c4 s1  c5 c4 s1  c4 s2  c5fs s1  c5fs c4 s1  c1 s2  => 118449 dmg in 3228 frames
c5 c4 s1  c4fs s3  c4 s2  c1 s1  c5fs c4 s1  c5fs s2  c4 s1  c5 c4 s1  c4 s2  => 118506 dmg in 3240 frames
c5fs c4 s1  c5fs c1 s2  c4 s1  c4 s3  c4fs s1  c4fs s2  c4 s1  c5 c4 s1  c4 s2  => 118690 dmg in 3244 frames
c5fs c4 s1  c5fs c1 s2  c4 s1  c4 s3  c5fs s1  c4 s2  c5fs s1  c5 c4 s1  c2 s2  => 118902 dmg in 3245 frames
c5fs c4 s1  c5fs c1 s2  c4 s1  c4 s3  c5fs s1  c4 s2  c5fs s1  c5fs c4 s1  c1 s2  => 119632 dmg in 3254 frames
c5fs c5fs s1  c4fs s2  c4 s1  c4 s3  c5fs s1  c4 s2  c5fs s1  c5 c4 s1  c2 s2  => 119678 dmg in 3262 frames
c5 c5fs s1  c5fs s2  c4 s1  c4 s3  c5fs s1  c4 s2  c5fs s1  c5fs c4 s1  c1 s2  => 120285 dmg in 3267 frames
c5fs c5fs s1  c4fs s2  c4 s1  c4 s3  c5fs s1  c4 s2  c5fs s1  c5fs c4 s1  c1 s2  => 120409 dmg in 3271 frames
c5fs c4 s1  c4 s3  c4 s2  c4 s1  c5 c4 s1  c4 s2  c4 s3  c4 s1  c5 c4 s1  c1 s2  => 120664 dmg in 3287 frames
c5fs c4 s1  c5fs c1 s2  c1fs s1  c4 s3  c5fs s1  c5fs s2  c5fs s1  c5fs c4 s1  c1 s2  => 120761 dmg in 3293 frames
c5 c4 s1  c4fs s3  c4 s2  c1 s1  c5 c4 s1  c4 s3  c4 s2  c4 s1  c5 c4 s1  c4 s2  => 120957 dmg in 3299 frames
c5fs c4 s1  c4 s3  c4 s2  c4 s1  c5 c4 s1  c4 s2  c3 s3  c4 s1  c5fs c4 s1  c1 s2  => 120968 dmg in 3302 frames
c4fs c4 s1  c4fs s3  c4 s2  c1 s1  c5 c4 s1  c4 s3  c4 s2  c4 s1  c5 c4 s1  c4 s2  => 121081 dmg in 3303 frames
c5fs c4 s1  c4 s3  c4 s2  c4 s1  c5 c4 s1  c1 s3  c4 s2  c5fs s1  c5 c4 s1  c2 s2  => 121446 dmg in 3304 frames
c5fs c4 s1  c4 s3  c4 s2  c4 s1  c5 c4 s1  c4 s2  c1 s3  c5fs s1  c5fs c4 s1  c1 s2  => 122050 dmg in 3313 frames
c5fs c4 s1  c4 s3  c4 s2  c4 s1  c5 c4 s1  c1 s3  c4 s2  c5fs s1  c5 c4 s1  c1fs s2  => 122177 dmg in 3326 frames
c5fs c4 s1  c4 s3  c4 s2  c4 s1  c5fs c4 s1  c1 s3  c3 s2  c5fs s1  c5fs c4 s1  c1 s2  => 122496 dmg in 3328 frames
c5fs c4fs s1  c4 s3  c2fs s2  c4 s1  c5 c4 s1  c4 s2  c1 s3  c5fs s1  c5fs c4 s1  c1 s2  => 122519 dmg in 3341 frames
c5 c4 s1  c4fs s3  c4 s2  c1 s1  c5fs c5fs s1  c1 s3  c4 s2  c5fs s1  c5 c4 s1  c2 s2  => 122590 dmg in 3342 frames
c4fs c4fs s1  c4 s3  c4 s2  c4 s1  c5fs c4 s1  c1 s3  c3 s2  c5fs s1  c5fs c4 s1  c1 s2  => 122620 dmg in 3344 frames
c5fs c5fs s1  c2 s3  c4 s2  c4 s1  c5fs c4 s1  c1 s3  c3 s2  c5fs s1  c5fs c4 s1  c1 s2  => 122826 dmg in 3345 frames
c5 c5fs s1  c5fs s2  c1 s3  c4 s1  c5 c4 s1  c4 s2  c1 s3  c5fs s1  c5fs c4 s1  c1 s2  => 122933 dmg in 3347 frames
c5 c4 s1  c4fs s3  c4 s2  c1 s1  c5fs c5fs s1  c4 s2  c1 s3  c5fs s1  c5fs c4 s1  c1 s2  => 123194 dmg in 3351 frames
c4fs c4 s1  c4fs s3  c4 s2  c1 s1  c5fs c5fs s1  c4 s2  c1 s3  c5fs s1  c5fs c4 s1  c1 s2  => 123317 dmg in 3355 frames
c5fs c4 s1  c4 s3  c4 s2  c1fs s1  c5fs c4 s1  c4 s3  c1fs s2  c5fs s1  c5fs c4 s1  c1 s2  => 123469 dmg in 3357 frames
c5 c4 s1  c5fs s3  c2fs s2  c1 s1  c5fs c4 s1  c5fs s2  c1 s3  c5fs s1  c5fs c4 s1  c1 s2  => 123524 dmg in 3363 frames
c5fs c2fs s1  c4fs s3  c4 s2  c1 s1  c5fs c5fs s1  c4 s2  c1 s3  c5fs s1  c5fs c4 s1  c1 s2  => 123647 dmg in 3367 frames
c5fs c5fs s1  c2 s3  c4 s2  c4 s1  c5fs c4 s1  c1fs s3  c1fs s2  c5fs s1  c5fs c4 s1  c1 s2  => 123784 dmg in 3374 frames
c5fs c2fs s1  c5fs s3  c2fs s2  c1 s1  c5fs c4 s1  c5fs s2  c1 s3  c5fs s1  c5fs c4 s1  c1 s2  => 123977 dmg in 3379 frames
c5fs c4 s1  c4 s3  c4 s2  c5fs s1  c5 c4 s1  c1 s3  c1fs s2  c5fs c1 s1  c5fs c4 s1  s2  => 124016 dmg in 3386 frames
c5 c4 s1  c4fs s3  c4 s1  c4fs s2  c4 s1  c4fs s3  c4 s1  c5 c4 s1  c4fs s2  c4 s1  => 124241 dmg in 3387 frames
c5 c4 s1  c4fs s3  c4 s1  c4fs s2  c4 s1  c4fs s3  c4 s1  c4fs s2  c4 s1  c4fs c4 s1  => 124374 dmg in 3391 frames
c4fs c4 s1  c4fs s3  c4 s1  c4fs s2  c4 s1  c4fs s3  c4 s1  c4fs s2  c4 s1  c4fs c4 s1  => 124498 dmg in 3395 frames
c5fs c4 s1  c4 s3  c4 s2  c1fs s1  c5fs c5fs s1  c1fs s3  c1fs s2  c5fs s1  c5fs c4 s1  c1 s2  => 124598 dmg in 3396 frames
c5 c4 s1  c4fs s3  c4 s1  c4fs s2  c4 s1  c4fs s3  c4 s1  c5 c4 s1  c5fs s2  c2fs s1  => 124673 dmg in 3399 frames
c5 c4 s1  c4fs s3  c4 s1  c4fs s2  c4 s1  c4fs s3  c4 s1  c4fs c4 s1  c5fs s2  c2fs s1  => 124806 dmg in 3403 frames
c4fs c4 s1  c4fs s3  c4 s1  c4fs s2  c4 s1  c4fs s3  c4 s1  c4fs c4 s1  c5fs s2  c2fs s1  => 124930 dmg in 3407 frames
c5 c4 s1  c4fs s3  c4 s1  c5fs s2  c2fs s1  c4fs s3  c4 s1  c5 c4 s1  c5fs s2  c2fs s1  => 125028 dmg in 3411 frames
c5 c4 s1  c4fs s3  c4 s1  c5fs s2  c2fs s1  c4fs s3  c4 s1  c4fs c4 s1  c5fs s2  c2fs s1  => 125162 dmg in 3415 frames
c4fs c4 s1  c4fs s3  c4 s1  c5fs s2  c2fs s1  c4fs s3  c4 s1  c4fs c4 s1  c5fs s2  c2fs s1  => 125285 dmg in 3419 frames
c5 c4 s1  c4fs s3  c4 s1  c5fs s2  c2fs s1  c4fs s3  c4 s1  c5fs c2fs s1  c5fs s2  c2fs s1  => 125517 dmg in 3427 frames
c4fs c4 s1  c4fs s3  c4 s1  c5fs s2  c2fs s1  c4fs s3  c4 s1  c5fs c2fs s1  c5fs s2  c2fs s1  => 125641 dmg in 3431 frames
c5 c4 s1  c4fs s3  c4 s1  c5fs s2  c4 s1  c4fs s3  c4 s1  c5 c4 s1  c4fs s2  c4 s1  => 125649 dmg in 3438 frames
c5 c4 s1  c5fs s3  c2fs s1  c5fs s2  c2fs s1  c5fs s3  c2fs s1  c4fs c4 s1  c5fs s2  c2fs s1  => 125771 dmg in 3439 frames
c5 c4 s1  c4fs s3  c4 s1  c5fs s2  c4 s1  c4fs s3  c4 s1  c4fs s2  c4 s1  c4fs c4 s1  => 125782 dmg in 3442 frames
c5fs c2fs s1  c4fs s3  c4 s1  c5fs s2  c2fs s1  c4fs s3  c4 s1  c5fs c2fs s1  c5fs s2  c2fs s1  => 125971 dmg in 3443 frames
c5 c4 s1  c5fs c2 s2  c1 s1  c4 s3  c4fs s1  c5 c3 s2  c1 s1  c5 c4 s1  c5fs c2 s2  c1 s1  => 127037 dmg in 3444 frames
c5 c4 s1  c5fs c2 s2  c1 s1  c4fs s3  c4 s1  c5 c3 s2  c1 s1  c4fs c4 s1  c5fs c2 s2  c1 s1  => 127161 dmg in 3448 frames
c5 c4 s1  c5fs c2 s2  c1 s1  c5 s3  c4 s1  c5fs c2 s2  c1 s1  c5 c4 s1  c5fs c2 s2  c1 s1  => 127185 dmg in 3449 frames
c5 c4 s1  c5fs c2 s2  c1 s1  c5 s3  c4 s1  c5fs c2 s2  c1 s1  c4fs c4 s1  c5fs c2 s2  c1 s1  => 127370 dmg in 3453 frames
c5 c4 s1  c5fs c2 s2  c1 s1  c4 s3  c4fs s1  c5fs c1fs s2  c1 s1  c5 c4 s1  c5fs c2 s2  c1 s1  => 128107 dmg in 3460 frames
c5 c4 s1  c5fs c2 s2  c1 s1  c4fs s3  c4 s1  c5fs c1fs s2  c1 s1  c4fs c4 s1  c5fs c2 s2  c1 s1  => 128230 dmg in 3464 frames
c5 c4 s1  c5fs c2 s2  c1 s1  c5 c4 s1  c4 s3  c4 s2  c2 s1  c5 c4 s1  c5fs s2  c2fs s1  => 128360 dmg in 3475 frames
c5 c4 s1  c5fs c2 s2  c1 s1  c4 s3  c4fs s1  c5fs c1fs s2  c1 s1  c5fs c2fs s1  c5fs c2 s2  c1 s1  => 128560 dmg in 3476 frames
c5 c4 s1  c5fs c2 s2  c1 s1  c4 s3  c4fs s1  c5fs c1fs s2  c1 s1  c5 c4 s1  c5fs c1fs s2  c1 s1  => 128837 dmg in 3482 frames
c5 c4 s1  c5fs c2 s2  c1 s1  c4fs s3  c4 s1  c5fs c1fs s2  c1 s1  c4fs c4 s1  c5fs c1fs s2  c1 s1  => 128961 dmg in 3486 frames
c5 c4 s1  c5fs c2 s2  c1 s1  c4 s3  c4fs s1  c5 c3 s2  c1 s1  c4 s3  c4fs s1  c5 c3 s2  c1 s1  => 129538 dmg in 3489 frames
c5 c4 s1  c5fs c2 s2  c1 s1  c4 s3  c5 s1  c5fs c2 s2  c1 s1  c4 s3  c4fs s1  c5 c3 s2  c1 s1  => 129686 dmg in 3494 frames
c5 c4 s1  c5fs c2 s2  c1 s1  c4 s3  c5 s1  c5fs c2 s2  c1 s1  c4 s3  c5 s1  c5fs c2 s2  c1 s1  => 129835 dmg in 3499 frames
c5 c4 s1  c5fs c2 s2  c1 s1  c4 s3  c4fs s1  c5fs c1fs s2  c1 s1  c4 s3  c4fs s1  c5 c3 s2  c1 s1  => 130608 dmg in 3505 frames
c5 c4 s1  c5fs c2 s2  c1 s1  c4 s3  c5 s1  c5fs c2 s2  c1 s1  c4 s3  c4fs s1  c5fs c1fs s2  c1 s1  => 130756 dmg in 3510 frames
c5 c4 s1  c5fs c2 s2  c1 s1  c4 s3  c4fs s1  c5fs c1fs s2  c1 s1  c4 s3  c4fs s1  c5fs c1fs s2  c1 s1  => 131677 dmg in 3521 frames
c5 c4 s1  c5fs c2 s2  c1 s1  c3 s3  c5fs s1  c5fs c1fs s2  c1 s1  c4 s3  c4fs s1  c5fs c1fs s2  c1 s1  => 131751 dmg in 3532 frames
c5 c4 s1  c5fs c2 s2  c1 s1  c4 s3  c5fs s1  c5fs c1 s2  c2 s1  c2fs s3  c5fs s1  c5fs c2 s2  c1 s1  => 131865 dmg in 3540 frames
c5 c4 s1  c4fs s3  c4 s1  c1 s2  c5fs c1fs s1  c4fs s3  c4 s1  c1 s2  c5fs c2 s1  c5 c4 s1  c1 s2  => 132149 dmg in 3542 frames
c5 c4 s1  c5fs c1fs s2  c1 s1  c4 s3  c4fs s1  c5fs c1fs s2  c1 s1  c4 s3  c4fs s1  c5fs c1fs s2  c1 s1  => 132408 dmg in 3543 frames
c4fs c4 s1  c4fs s3  c4 s1  c1 s2  c5fs c1fs s1  c4fs s3  c4 s1  c1 s2  c5fs c2 s1  c4fs c4 s1  c1 s2  => 132457 dmg in 3550 frames
c5 c4 s1  c5fs c1fs s2  c1 s1  c3 s3  c5fs s1  c5fs c1fs s2  c1 s1  c4 s3  c4fs s1  c5fs c1fs s2  c1 s1  => 132482 dmg in 3554 frames
c5 c4 s1  c4fs s3  c4 s1  c1 s2  c5fs c1fs s1  c4fs s3  c4 s1  c1 s2  c5fs c2 s1  c2fs c5fs s1  c1 s2  => 132621 dmg in 3558 frames
c5fs c2fs s1  c4fs s3  c4 s1  c1 s2  c5fs c1fs s1  c4fs s3  c4 s1  c1 s2  c5 c4 s1  c5fs c2 s2  c1 s1  => 132679 dmg in 3561 frames
c5fs c2fs s1  c4fs s3  c4 s1  c1 s2  c5fs c1fs s1  c4fs s3  c4 s1  c1 s2  c5fs c2 s1  c4fs c4 s1  c1 s2  => 132787 dmg in 3562 frames
c5 c4 s1  c4fs s3  c4 s1  c1 s2  c5fs c1fs s1  c4fs s3  c4 s1  c1 s2  c5fs c1fs s1  c5 c4 s1  c1 s2  => 132937 dmg in 3564 frames
c5 c4 s1  c4fs s3  c4 s1  c1 s2  c5fs c1fs s1  c4fs s3  c4 s1  c1 s2  c5 c4 s1  c5fs c1fs s2  c1 s1  => 132956 dmg in 3567 frames
c5 c4 s1  c4fs s3  c4 s1  c1 s2  c5fs c1fs s1  c4fs s3  c4 s1  c1 s2  c5fs c1fs s1  c4fs c4 s1  c1 s2  => 133070 dmg in 3568 frames
c4fs c4 s1  c4fs s3  c4 s1  c1 s2  c5fs c1fs s1  c4fs s3  c4 s1  c1 s2  c5 c4 s1  c5fs c1fs s2  c1 s1  => 133080 dmg in 3571 frames
c4fs c4 s1  c4fs s3  c4 s1  c1 s2  c5fs c1fs s1  c4fs s3  c4 s1  c1 s2  c5fs c1fs s1  c4fs c4 s1  c1 s2  => 133194 dmg in 3572 frames
c5 c4 s1  c5fs s3  c2fs s1  c1 s2  c5fs c1fs s1  c4fs s3  c4 s1  c1 s2  c5 c4 s1  c5fs c1fs s2  c1 s1  => 133210 dmg in 3579 frames
c5fs c2fs s1  c4fs s3  c4 s1  c1 s2  c5fs c1fs s1  c4fs s3  c4 s1  c1 s2  c5fs c1fs s1  c5 c4 s1  c1 s2  => 133390 dmg in 3580 frames
c5fs c4 s1  c4 s3  c4 s2  c2 s1  c5 c4 s1  c5fs s2  c2fs s1  c4 s3  c4fs s1  c5fs s2  c2fs s1  => 133409 dmg in 3581 frames
c5fs c2fs s1  c4fs s3  c4 s1  c1 s2  c5fs c1fs s1  c4fs s3  c4 s1  c1 s2  c5 c4 s1  c5fs c1fs s2  c1 s1  => 133409 dmg in 3583 frames
c5fs c2fs s1  c4fs s3  c4 s1  c1 s2  c5fs c1fs s1  c4fs s3  c4 s1  c1 s2  c5fs c1fs s1  c4fs c4 s1  c1 s2  => 133524 dmg in 3584 frames
c5 c4 s1  c4fs s3  c4 s1  c2 s2  c5fs c1 s1  c4fs s3  c4 s1  c2fs s2  c5fs s1  c5fs c4 s1  c1 s2  => 133628 dmg in 3587 frames
c5 c4 s1  c4fs s3  c4 s1  c2fs s2  c5fs s1  c4fs s3  c4 s1  c2fs s2  c5fs s1  c5 c4 s1  c2 s2  => 133734 dmg in 3590 frames
c4fs c4 s1  c4fs s3  c4 s1  c2 s2  c5fs c1 s1  c4fs s3  c4 s1  c2fs s2  c5fs s1  c5fs c4 s1  c1 s2  => 133752 dmg in 3591 frames
c5fs c4 s1  c4 s3  c4 s2  c2 s1  c5 c4 s1  c5fs s2  c2fs s1  c2fs s3  c5fs s1  c5fs s2  c2fs s1  => 133841 dmg in 3593 frames
c4fs c4 s1  c4fs s3  c4 s1  c2fs s2  c5fs s1  c4fs s3  c4 s1  c2fs s2  c5fs s1  c5 c4 s1  c2 s2  => 133858 dmg in 3594 frames
c5 c4 s1  c4fs s3  c4 s1  c3 s2  c5fs s1  c4fs s3  c4 s1  c3 s2  c5fs s1  c5fs c4 s1  c1 s2  => 133902 dmg in 3597 frames
c5 c4 s1  c4fs s3  c4 s1  c3 s2  c5fs s1  c4fs s3  c4 s1  c2fs s2  c5fs s1  c5fs c4 s1  c1 s2  => 134184 dmg in 3598 frames
c5 c4 s1  c4fs s3  c4 s1  c2fs s2  c5fs s1  c4fs s3  c4 s1  c2fs s2  c5fs s1  c5fs c4 s1  c1 s2  => 134465 dmg in 3599 frames
