c1 => 652.951 dmg in 16 frames
c2 => 1351.72 dmg in 62 frames
c1fs => 2082.57 dmg in 84 frames
c3 => 2520.16 dmg in 123 frames
c2fs => 2781.34 dmg in 124 frames
c4 => 3757.33 dmg in 163 frames
c3fs => 3949.78 dmg in 188 frames
c1fs c1fs => 4165.14 dmg in 202 frames
c4fs => 5186.95 dmg in 230 frames
c5 c1 => 5716.19 dmg in 276 frames
c4fs c1 => 5839.9 dmg in 280 frames
c5fs => 6492.86 dmg in 281 frames
c2fs c4 => 6538.68 dmg in 321 frames
c5fs c1 => 7145.81 dmg in 331 frames
c4fs c1fs => 7269.52 dmg in 348 frames
c5fs c2 => 7844.58 dmg in 377 frames
c4fs c2fs => 7968.3 dmg in 388 frames
c5fs c1fs => 8575.43 dmg in 399 frames
c5 c4 => 8820.57 dmg in 423 frames
c4fs c4 => 8944.29 dmg in 427 frames
c5fs c3 => 9013.02 dmg in 438 frames
c5fs c2fs => 9274.2 dmg in 439 frames
c4fs c1fs c1fs => 9352.1 dmg in 466 frames
c5fs c4 => 10250.2 dmg in 478 frames
c5fs c4 s1  => 18557.6 dmg in 484 frames
c4fs c4fs s1  => 18681.3 dmg in 500 frames
c5fs c3fs s1  => 18750 dmg in 509 frames
c5fs c1fs c1fs s1  => 18965.4 dmg in 523 frames
c5 c5 c1 s1  => 19086.8 dmg in 542 frames
c5 c4fs c1 s1  => 19210.5 dmg in 546 frames
c5 c5fs s1  => 19863.5 dmg in 547 frames
c5fs c4fs s1  => 19987.2 dmg in 551 frames
c4fs c2fs c4 s1  => 20033 dmg in 591 frames
c5fs c5 c1 s1  => 20516.4 dmg in 597 frames
c5fs c4fs c1 s1  => 20640.1 dmg in 601 frames
c5fs c5fs s1  => 21293.1 dmg in 602 frames
c5fs c2fs c4 s1  => 21338.9 dmg in 642 frames
c5fs c5fs c1 s1  => 21946 dmg in 652 frames
c5fs c4fs c1fs s1  => 22069.8 dmg in 669 frames
c5 c5 c4 s1  => 22191.2 dmg in 689 frames
c5 c4fs c4 s1  => 22314.9 dmg in 693 frames
c4fs c4fs c4 s1  => 22438.6 dmg in 697 frames
c5fs c5fs c2 s1  => 22644.8 dmg in 698 frames
c5fs c4fs c2fs s1  => 22768.5 dmg in 709 frames
c5fs c5fs c1fs s1  => 23375.7 dmg in 720 frames
c5fs c5 c4 s1  => 23620.8 dmg in 744 frames
c5fs c4fs c4 s1  => 23744.5 dmg in 748 frames
c5fs c5fs c3 s1  => 23813.2 dmg in 759 frames
c5fs c5fs c2fs s1  => 24074.4 dmg in 760 frames
c5fs c4fs c1fs c1fs s1  => 24152.3 dmg in 787 frames
c5fs c5fs c4 s1  => 25050.4 dmg in 799 frames
c5fs c4fs c4fs s1  => 25174.1 dmg in 815 frames
c5fs c5fs c3fs s1  => 25242.9 dmg in 824 frames
c5fs c5fs c1fs c1fs s1  => 25458.2 dmg in 838 frames
c5fs c5 c5 c1 s1  => 25579.7 dmg in 857 frames
c5fs c5 c4fs c1 s1  => 25703.4 dmg in 861 frames
c5fs c5 c5fs s1  => 26356.3 dmg in 862 frames
c5fs c5fs c4fs s1  => 26480 dmg in 866 frames
c5fs c4fs c2fs c4 s1  => 26525.9 dmg in 906 frames
c5fs c5fs c5 c1 s1  => 27009.3 dmg in 912 frames
c5fs c5fs c4fs c1 s1  => 27133 dmg in 916 frames
c5fs c5fs c5fs s1  => 27785.9 dmg in 917 frames
c5fs c5fs c2fs c4 s1  => 27831.8 dmg in 957 frames
c5fs c5fs c5fs c1 s1  => 28438.9 dmg in 967 frames
c5fs c5fs c4fs c1fs s1  => 28562.6 dmg in 984 frames
c5fs c5 c4fs c4 s1  => 28807.8 dmg in 1008 frames
c5fs c4fs c4fs c4 s1  => 28931.5 dmg in 1012 frames
c5fs c5fs c5 c2fs s1  => 29137.7 dmg in 1020 frames
c5fs c5fs c4fs c2fs s1  => 29261.4 dmg in 1024 frames
c5 c5 c3 s1  c5fs s2  => 34928.3 dmg in 1047 frames
c5fs c5fs c1 s1  c5fs s2  => 35920.3 dmg in 1050 frames
c5fs c4 s1  c5fs c4 s1  => 37115.1 dmg in 1079 frames
c5fs c4 s1  c4fs c4fs s1  => 37238.8 dmg in 1095 frames
c5fs c4 s1  c5fs c3fs s1  => 37307.6 dmg in 1104 frames
c4fs c4fs s1  c4fs c4fs s1  => 37362.6 dmg in 1111 frames
c5fs c4 s1  c5fs c1fs c1fs s1  => 37522.9 dmg in 1118 frames
c5fs c1fs c1fs s1  c4fs c4fs s1  => 37646.6 dmg in 1134 frames
c5 c4fs c1 s1  c5fs c4 s1  => 37768.1 dmg in 1141 frames
c5 c5fs s1  c5fs c4 s1  => 38421 dmg in 1142 frames
c5fs c4fs s1  c5fs c4 s1  => 38544.7 dmg in 1146 frames
c5fs c4fs s1  c4fs c4fs s1  => 38668.5 dmg in 1162 frames
c5fs c4fs s1  c5fs c3fs s1  => 38737.2 dmg in 1171 frames
c5 c5fs s1  c5fs c1fs c1fs s1  => 38828.8 dmg in 1181 frames
c5 c5 s1  c5 c4 s2  c1 s1  => 43696.2 dmg in 1183 frames
c5 c5 s1  c5fs c3 s2  c1 s1  => 43888.6 dmg in 1198 frames
c5fs c4 s1  c5fs c4 s2  s1  => 44596.6 dmg in 1199 frames
c5fs c4 s1  c5fs c4 s1  c1 s2  => 45249.5 dmg in 1212 frames
c5fs c4 s1  c4fs c4fs s1  c1 s2  => 45373.2 dmg in 1228 frames
c5fs c4 s1  c5fs c3fs s1  c1 s2  => 45442 dmg in 1237 frames
c4fs c4fs s1  c4fs c4fs s1  c1 s2  => 45497 dmg in 1244 frames
c5fs c4 s1  c5fs c1fs c1fs s1  c1 s2  => 45657.3 dmg in 1251 frames
c5fs c4 s1  c5fs c4 s1  c2 s2  => 45948.3 dmg in 1258 frames
c5fs c4fs s1  c5fs c4 s2  s1  => 46026.2 dmg in 1266 frames
c5 c5fs s1  c5fs c1fs s2  c1fs s1  => 46310.3 dmg in 1267 frames
c5 c5fs s1  c5fs c4 s1  c1 s2  => 46555.4 dmg in 1275 frames
c5fs c4fs s1  c5fs c4 s1  c1 s2  => 46679.1 dmg in 1279 frames
c5fs c5fs s1  c5fs c3 s2  c1 s1  => 46747.9 dmg in 1293 frames
c5fs c4fs s1  c4fs c4fs s1  c1 s2  => 46802.9 dmg in 1295 frames
c5fs c4fs s1  c5fs c3fs s1  c1 s2  => 46871.6 dmg in 1304 frames
c5 c5fs s1  c5fs c2fs s2  c1fs s1  => 47009.1 dmg in 1307 frames
c5fs c4fs s1  c5fs c2fs s2  c1fs s1  => 47132.8 dmg in 1311 frames
c5fs c5fs s1  c5fs c4 s2  s1  => 47332.1 dmg in 1317 frames
c5fs c4 s1  c5fs c4 s1  c2fs s2  => 47377.9 dmg in 1320 frames
c5fs c5fs s1  c5fs c1fs s2  c1fs s1  => 47739.9 dmg in 1322 frames
c5fs c5fs s1  c5fs c4 s1  c1 s2  => 47985 dmg in 1330 frames
c5fs c5fs s1  c4fs c4fs s1  c1 s2  => 48108.8 dmg in 1346 frames
c5fs c5fs s1  c5fs c3fs s1  c1 s2  => 48177.5 dmg in 1355 frames
c5fs c4 s1  c5fs c4 s1  c4 s2  => 48353.9 dmg in 1359 frames
c5fs c5fs s1  c5fs c2fs s2  c1fs s1  => 48438.7 dmg in 1362 frames
c5fs c4 s1  c4fs c4fs s1  c4 s2  => 48477.6 dmg in 1375 frames
c5fs c5fs s1  c5fs c4 s1  c2 s2  => 48683.8 dmg in 1376 frames
c5fs c4fs s1  c5fs c4 s1  c2fs s2  => 48807.5 dmg in 1387 frames
c5fs c5fs s1  c5fs c4 s1  c1fs s2  => 49414.7 dmg in 1398 frames
c5fs c5fs s1  c4fs c4fs s1  c1fs s2  => 49538.4 dmg in 1414 frames
c5 c5fs s1  c5fs c4 s1  c4 s2  => 49659.8 dmg in 1422 frames
c5fs c4fs s1  c5fs c4 s1  c4 s2  => 49783.5 dmg in 1426 frames
c5fs c5fs s1  c5fs c4 s1  c3 s2  => 49852.3 dmg in 1437 frames
c5fs c5fs s1  c5fs c4 s1  c2fs s2  => 50113.4 dmg in 1438 frames
c5fs c5fs s1  c5fs c1 s2  c5fs s1  => 50720.6 dmg in 1451 frames
c5fs c5fs s1  c5fs c1fs s2  c4fs s1  => 50844.3 dmg in 1468 frames
c5fs c4 s1  c5fs c4 s1  c5fs s2  => 51089.4 dmg in 1477 frames
c5fs c4 s1  c4fs c4fs s1  c5fs s2  => 51213.1 dmg in 1493 frames
c5fs c5fs s1  c5fs c2 s2  c5fs s1  => 51419.3 dmg in 1497 frames
c5fs c5fs s1  c5fs c2fs s2  c4fs s1  => 51543.1 dmg in 1508 frames
c5fs c5fs s1  c5fs c1fs s2  c5fs s1  => 52150.2 dmg in 1519 frames
c5 c5fs s1  c5fs c4 s1  c5fs s2  => 52395.3 dmg in 1540 frames
c5fs c4fs s1  c5fs c4 s1  c5fs s2  => 52519 dmg in 1544 frames
c5fs c5fs s1  c5fs c3 s2  c5fs s1  => 52587.8 dmg in 1558 frames
c5fs c5fs s1  c5fs c2fs s2  c5fs s1  => 52849 dmg in 1559 frames
c5fs c4fs s1  c5fs c1fs c1fs s1  c5fs s2  => 52926.9 dmg in 1583 frames
c5fs c5 c1 s1  c5fs c4 s1  c5fs s2  => 53048.3 dmg in 1590 frames
c5fs c4fs c1 s1  c5fs c4 s1  c5fs s2  => 53172 dmg in 1594 frames
c5fs c5fs s1  c5fs c4 s1  c5fs s2  => 53824.9 dmg in 1595 frames
c5fs c5fs s1  c4fs c4fs s1  c5fs s2  => 53948.7 dmg in 1611 frames
c5fs c5fs s1  c5fs c3fs s1  c5fs s2  => 54017.4 dmg in 1620 frames
c5fs c5fs s1  c5fs c1fs c1fs s1  c5fs s2  => 54232.8 dmg in 1634 frames
c5fs c5fs c1 s1  c5fs c4 s1  c5fs s2  => 54477.9 dmg in 1645 frames
c5fs c5 c5fs s1  c5fs s2  c5fs s1  => 55130.9 dmg in 1661 frames
c5fs c5fs c5fs s1  c5fs s2  c4fs s1  => 55254.6 dmg in 1665 frames
c5fs c4 s1  c5fs c4 s1  c5fs c4 s1  => 55672.7 dmg in 1674 frames
c5fs c4 s1  c5fs c4 s1  c4fs c4fs s1  => 55796.4 dmg in 1690 frames
c5fs c4 s1  c5fs c4 s1  c5fs c3fs s1  => 55865.1 dmg in 1699 frames
c5fs c4 s1  c4fs c4fs s1  c4fs c4fs s1  => 55920.1 dmg in 1706 frames
c5fs c4 s1  c5fs c4 s1  c5fs c1fs c1fs s1  => 56080.5 dmg in 1713 frames
c5fs c5fs c5fs s1  c5fs s2  c5fs s1  => 56560.5 dmg in 1716 frames
c5 c5fs s1  c5fs c4 s1  c5fs c4 s1  => 56978.6 dmg in 1737 frames
c5fs c4fs s1  c5fs c4 s1  c5fs c4 s1  => 57102.3 dmg in 1741 frames
c5fs c4 s1  c5fs c4 s1  c5 c4 s2  c1 s1  => 62377.5 dmg in 1755 frames
c5fs c4 s1  c5fs c4 s1  c5fs s2  c4 s1  => 63154.1 dmg in 1760 frames
c5fs c4 s1  c4fs c4fs s1  c5fs s2  c4 s1  => 63277.9 dmg in 1776 frames
c5fs c4 s1  c5fs c4 s1  c5fs s2  c3fs s1  => 63346.6 dmg in 1785 frames
c4fs c4fs s1  c4fs c4fs s1  c5fs s2  c4 s1  => 63401.6 dmg in 1792 frames
c5fs c4 s1  c5fs c1fs c1fs s1  c5fs s2  c4 s1  => 63561.9 dmg in 1799 frames
c5fs c4 s1  c5fs c4 s1  c5fs c4 s1  c1 s2  => 63807.1 dmg in 1807 frames
c5 c5fs s1  c5fs c4 s1  c5fs s2  c4 s1  => 64460 dmg in 1823 frames
c5fs c4fs s1  c5fs c4 s1  c5fs s2  c4 s1  => 64583.8 dmg in 1827 frames
c5fs c4fs s1  c4fs c4fs s1  c5fs s2  c4 s1  => 64707.5 dmg in 1843 frames
c5fs c4fs s1  c5fs c4 s1  c5fs s2  c3fs s1  => 64776.2 dmg in 1852 frames
c5fs c4fs s1  c4fs c4fs s1  c4fs s2  c4fs s1  => 64831.2 dmg in 1859 frames
c5 c5fs s1  c5fs c1fs c1fs s1  c5fs s2  c4 s1  => 64867.8 dmg in 1862 frames
c5fs c4fs s1  c5fs c1fs c1fs s1  c5fs s2  c4 s1  => 64991.6 dmg in 1866 frames
c5 c5fs s1  c5fs c4 s1  c5fs c4 s1  c1 s2  => 65113 dmg in 1870 frames
c5fs c4fs s1  c5fs c4 s1  c5fs c4 s1  c1 s2  => 65236.7 dmg in 1874 frames
c5fs c5fs s1  c5fs c4 s1  c5fs s2  c4 s1  => 65889.7 dmg in 1878 frames
c5fs c5fs s1  c4fs c4fs s1  c5fs s2  c4 s1  => 66013.4 dmg in 1894 frames
c5fs c5fs s1  c5fs c4 s1  c5fs s2  c3fs s1  => 66082.1 dmg in 1903 frames
c5fs c5fs s1  c4fs c4fs s1  c4fs s2  c4fs s1  => 66137.1 dmg in 1910 frames
c5fs c5fs s1  c5fs c1fs c1fs s1  c5fs s2  c4 s1  => 66297.5 dmg in 1917 frames
c5fs c5fs s1  c5fs c4 s1  c5fs c4 s1  c1 s2  => 66542.6 dmg in 1925 frames
c5 c5fs s1  c5fs c4 s1  c5fs s2  c5fs s1  => 67195.6 dmg in 1941 frames
c5fs c5fs s1  c5fs c4 s1  c5fs s2  c4fs s1  => 67319.3 dmg in 1945 frames
c5fs c5fs s1  c4fs c4fs s1  c5fs s2  c4fs s1  => 67443 dmg in 1961 frames
c5fs c5fs s1  c5fs c3fs s1  c5fs s2  c4fs s1  => 67511.7 dmg in 1970 frames
c5 c5fs s1  c5fs c1fs s2  c1fs s1  c5fs c5fs s1  => 67603.4 dmg in 1980 frames
c5fs c5fs s1  c5fs c1fs c1fs s1  c5fs s2  c4fs s1  => 67727.1 dmg in 1984 frames
c5 c5fs s1  c5fs c4 s1  c5fs s2  c5fs c1 s1  => 67848.5 dmg in 1991 frames
c5fs c5fs s1  c5fs c4 s1  c5fs c4 s1  c1fs s2  => 67972.2 dmg in 1993 frames
c5fs c5fs s1  c5fs c4 s1  c5fs s2  c5fs s1  => 68625.2 dmg in 1996 frames
c5fs c5fs s1  c4fs c4fs s1  c5fs s2  c5fs s1  => 68748.9 dmg in 2012 frames
c5fs c5fs s1  c5fs c3fs s1  c5fs s2  c5fs s1  => 68817.6 dmg in 2021 frames
c5fs c5fs s1  c5fs c1fs s2  c1fs s1  c5fs c5fs s1  => 69033 dmg in 2035 frames
c5fs c5fs s1  c5fs c4 s1  c5fs s2  c5fs c1 s1  => 69278.1 dmg in 2046 frames
c5fs c5fs s1  c4fs c4fs s1  c5fs s2  c5fs c1 s1  => 69401.9 dmg in 2062 frames
c5fs c5fs s1  c5fs c3fs s1  c5fs s2  c5fs c1 s1  => 69470.6 dmg in 2071 frames
c5fs c4 s1  c5fs c4 s1  c5fs c4 s1  c5fs s2  => 69647 dmg in 2072 frames
c5fs c5fs s1  c5fs c2fs s2  c1fs s1  c5fs c5fs s1  => 69731.8 dmg in 2075 frames
c5fs c4 s1  c5fs c4 s1  c4fs c4fs s1  c5fs s2  => 69770.7 dmg in 2088 frames
c5fs c5fs s1  c5fs c4 s1  c5fs s2  c5fs c2 s1  => 69976.9 dmg in 2092 frames
c5fs c5fs s1  c5fs c4 s1  c5fs c2fs s2  c4fs s1  => 70100.6 dmg in 2103 frames
c5fs c5fs s1  c5fs c1 s2  c5fs s1  c5 c5fs s1  => 70584 dmg in 2109 frames
c5fs c5fs s1  c5fs c1 s2  c5fs s1  c5fs c4fs s1  => 70707.8 dmg in 2113 frames
c5fs c5fs s1  c4fs c4fs s1  c5fs s2  c5fs c1fs s1  => 70831.5 dmg in 2130 frames
c5 c5fs s1  c5fs c4 s1  c5fs c4 s1  c5fs s2  => 70952.9 dmg in 2135 frames
c5fs c4fs s1  c5fs c4 s1  c5fs c4 s1  c5fs s2  => 71076.6 dmg in 2139 frames
c5fs c5fs s1  c5fs c4 s1  c5fs s2  c5fs c3 s1  => 71145.3 dmg in 2153 frames
c5fs c5fs s1  c5fs c4 s1  c5fs s2  c5fs c2fs s1  => 71406.5 dmg in 2154 frames
c5fs c5fs s1  c5fs c1 s2  c5fs s1  c5fs c5fs s1  => 72013.7 dmg in 2164 frames
c5fs c5fs s1  c5fs c1fs s2  c5fs s1  c5fs c4fs s1  => 72137.4 dmg in 2181 frames
c5fs c5fs s1  c5fs c4 s1  c5fs c4 s1  c5fs s2  => 72382.5 dmg in 2190 frames
c5fs c5fs s1  c5fs c4 s1  c4fs c4fs s1  c5fs s2  => 72506.2 dmg in 2206 frames
c5fs c5fs s1  c5fs c2 s2  c5fs s1  c5fs c5fs s1  => 72712.4 dmg in 2210 frames
c5fs c5fs s1  c4fs c2fs s2  c5fs s1  c5fs c5fs s1  => 72836.1 dmg in 2221 frames
c5fs c5fs s1  c5fs c1fs s2  c5fs s1  c5fs c5fs s1  => 73443.3 dmg in 2232 frames
c5fs c5fs s1  c5 c4 s2  c5fs s1  c5fs c5fs s1  => 73688.4 dmg in 2256 frames
c5fs c5fs s1  c4fs c4 s2  c5fs s1  c5fs c5fs s1  => 73812.1 dmg in 2260 frames
c5fs c4 s1  c5fs c4 s1  c5fs c4 s1  c5fs c4 s1  => 74230.3 dmg in 2269 frames
c5fs c4 s1  c5fs c4 s1  c5fs c4 s1  c4fs c4fs s1  => 74354 dmg in 2285 frames
c5 c5fs s1  c5 c3 s2  c5fs s1  c5fs c5fs s1  c1 s2  => 79156 dmg in 2294 frames
c5fs c5fs s1  c5fs c1 s2  c5fs s1  c5fs c5fs s1  c1 s2  => 80148.1 dmg in 2297 frames
c5fs c5fs s1  c5fs c1 s2  c4 s1  c5fs c4 s1  c5fs s2  => 80516.9 dmg in 2326 frames
c5fs c5fs s1  c5fs c1 s2  c4 s1  c4fs c4fs s1  c5fs s2  => 80640.6 dmg in 2342 frames
c5fs c5fs s1  c5fs c2 s2  c5fs s1  c5fs c5fs s1  c1 s2  => 80846.8 dmg in 2343 frames
c5fs c4 s1  c5fs c4 s1  c5fs c4 s1  c5 c4 s2  c1 s1  => 80935 dmg in 2350 frames
c5fs c5fs s1  c4fs c2fs s2  c5fs s1  c5fs c5fs s1  c1 s2  => 80970.5 dmg in 2354 frames
c5fs c4 s1  c5fs c4 s1  c5fs c4 s1  c5fs s2  c4 s1  => 81711.7 dmg in 2355 frames
c5fs c4 s1  c5fs c4 s1  c4fs c4fs s1  c5fs s2  c4 s1  => 81835.4 dmg in 2371 frames
c5fs c4 s1  c5fs c4 s1  c5fs c4 s1  c5fs s2  c3fs s1  => 81904.2 dmg in 2380 frames
c5fs c4 s1  c4fs c4fs s1  c4fs c4fs s1  c5fs s2  c4 s1  => 81959.1 dmg in 2387 frames
c5fs c4 s1  c5fs c4 s1  c5fs s2  c4 s1  c5fs c1fs c1fs s1  => 82119.5 dmg in 2394 frames
c5fs c4 s1  c5fs c4 s1  c5fs c4 s1  c5fs c4 s1  c1 s2  => 82364.7 dmg in 2402 frames
c5 c5fs s1  c5fs c4 s1  c5fs c4 s1  c5fs s2  c4 s1  => 83017.6 dmg in 2418 frames
c5fs c4fs s1  c5fs c4 s1  c5fs c4 s1  c5fs s2  c4 s1  => 83141.3 dmg in 2422 frames
c5fs c4fs s1  c5fs c4 s1  c4fs c4fs s1  c5fs s2  c4 s1  => 83265 dmg in 2438 frames
c5fs c4 s1  c5fs c4 s1  c5fs s2  c4fs s1  c5fs c3fs s1  => 83333.8 dmg in 2447 frames
c5 c5 s1  c5 c4 s2  c1 s1  c5fs c4 s1  c5 c4 s2  c1 s1  => 87516.1 dmg in 2454 frames
c5 c5 s1  c5fs c3 s2  c1 s1  c5fs c4 s1  c5 c4 s2  c1 s1  => 87708.6 dmg in 2469 frames
c5fs c4 s1  c5fs c4 s1  c1 s2  c5 c4 s1  c5fs c4 s1  c1 s2  => 89069.4 dmg in 2483 frames
c5fs c4 s1  c5fs c4 s1  c1 s2  c5fs c3 s1  c5fs c4 s1  c1 s2  => 89261.9 dmg in 2498 frames
c5fs c4fs s1  c5fs c3 s2  c1 s1  c5fs c4 s1  c5 c4 s2  c1 s1  => 89261.9 dmg in 2513 frames
c5fs c4 s1  c4fs c4fs s1  c1 s2  c5fs c3 s1  c5fs c4 s1  c1 s2  => 89385.6 dmg in 2514 frames
c5fs c4 s1  c5fs c4 s2  s1  c5fs c4 s1  c5fs c4 s1  c1 s2  => 89846.1 dmg in 2522 frames
c5fs c4 s1  c5fs c4 s1  c2 s2  c4fs c4 s1  c5fs c4 s1  c1 s2  => 89891.9 dmg in 2533 frames
c5fs c4 s1  c5fs c4 s2  c1 s1  c5fs c4 s1  c5fs c4 s1  c1 s2  => 90499.1 dmg in 2538 frames
c5fs c4 s1  c5fs c4 s2  c1 s1  c5fs c4 s1  c4fs c4fs s1  c1 s2  => 90622.8 dmg in 2554 frames
c5fs c4 s1  c5fs c4 s2  c1 s1  c5fs c4 s1  c5fs c3fs s1  c1 s2  => 90691.5 dmg in 2563 frames
c5fs c4 s1  c5fs c4 s1  c1fs s2  c5fs c2fs s1  c5fs c4 s1  c1 s2  => 90952.7 dmg in 2567 frames
c5 c5 s1  c5 c4 s2  c1 s1  c5fs c5fs s1  c5fs s2  c4 s1  => 91028.3 dmg in 2577 frames
c5 c5fs s1  c5fs c1fs s2  c1fs s1  c5fs c4 s1  c5fs c1fs s2  c1fs s1  => 91314.7 dmg in 2582 frames
c5fs c4 s1  c5fs c4 s1  c1fs s2  c5fs c1fs s1  c5 c5fs s1  c1 s2  => 91559.8 dmg in 2590 frames
c5fs c4 s1  c5fs c4 s1  c1fs s2  c5fs c1fs s1  c5fs c4fs s1  c1 s2  => 91683.5 dmg in 2594 frames
c5fs c5fs s1  c5fs c4 s1  c1 s2  c5 c4 s1  c5fs c4 s1  c1 s2  => 91805 dmg in 2601 frames
c5fs c4fs s1  c5fs c4 s2  c1 s1  c5fs c4 s1  c5fs c4 s1  c1 s2  => 91928.7 dmg in 2605 frames
c5fs c4 s1  c5fs c4 s1  c4 s2  c5fs s1  c5fs c5fs s1  c1 s2  => 92581.6 dmg in 2606 frames
c5fs c4 s1  c4fs c4fs s1  c4 s2  c5fs s1  c5fs c5fs s1  c1 s2  => 92705.4 dmg in 2622 frames
c5fs c4 s1  c5fs c4 s1  c3fs s2  c5fs s1  c5fs c5fs s1  c1 s2  => 92774.1 dmg in 2631 frames
c5fs c4 s1  c5fs c4 s1  c4 s2  c5fs s1  c5fs c4 s1  c4 s2  => 92950.5 dmg in 2635 frames
c5fs c5fs s1  c5fs c1fs s2  c1fs s1  c5fs c4 s1  c5fs c4 s1  c1 s2  => 92989.4 dmg in 2645 frames
c5 c5fs s1  c5fs c1fs s2  c2fs s1  c5fs c4fs s1  c5fs s2  c4 s1  => 93035.3 dmg in 2650 frames
c5fs c4 s1  c5fs c4 s1  c4 s2  c5fs s1  c4fs c4fs s1  c4 s2  => 93074.2 dmg in 2651 frames
c5fs c4 s1  c5fs c4 s1  c4 s2  c5fs s1  c5fs c5fs s1  c2 s2  => 93280.4 dmg in 2652 frames
c5fs c5fs s1  c5fs c1fs s2  c1fs s1  c5 c5fs s1  c5fs s2  c4 s1  => 93642.4 dmg in 2661 frames
c5 c5fs s1  c5fs c4 s1  c4 s2  c5fs s1  c5fs c5fs s1  c1 s2  => 93887.5 dmg in 2669 frames
c5fs c4fs s1  c5fs c4 s1  c4 s2  c5fs s1  c5fs c5fs s1  c1 s2  => 94011.2 dmg in 2673 frames
c5fs c5fs s1  c5fs c3 s2  c1 s1  c5fs c5fs s1  c5fs s2  c4 s1  => 94080 dmg in 2687 frames
c5fs c4fs s1  c4fs c4fs s1  c4 s2  c5fs s1  c5fs c5fs s1  c1 s2  => 94135 dmg in 2689 frames
c5fs c4 s1  c5fs c4 s1  c4 s2  c5fs s1  c5 c5fs s1  c4 s2  => 94256.4 dmg in 2698 frames
c5fs c5fs s1  c5fs c2fs s2  c1fs s1  c5 c5fs s1  c5fs s2  c4 s1  => 94341.2 dmg in 2701 frames
c5fs c4fs s1  c5fs c4 s1  c4 s2  c5fs s1  c5fs c4 s1  c4 s2  => 94380.1 dmg in 2702 frames
c5fs c5fs s1  c5fs c1fs s2  c2fs s1  c5fs c4fs s1  c5fs s2  c4 s1  => 94464.9 dmg in 2705 frames
c5fs c4 s1  c5fs c4 s1  c4 s2  c5fs s1  c5fs c5fs s1  c2fs s2  => 94710 dmg in 2714 frames
c5fs c5fs s1  c5fs c1fs s2  c1fs s1  c5fs c5fs s1  c5fs s2  c4 s1  => 95072 dmg in 2716 frames
c5fs c5fs s1  c5fs c4 s1  c4 s2  c5fs s1  c5fs c5fs s1  c1 s2  => 95317.1 dmg in 2724 frames
c5fs c5fs s1  c4fs c4fs s1  c4 s2  c5fs s1  c5fs c5fs s1  c1 s2  => 95440.9 dmg in 2740 frames
c5fs c5fs s1  c5fs c4 s1  c3fs s2  c5fs s1  c5fs c5fs s1  c1 s2  => 95509.6 dmg in 2749 frames
c5fs c4 s1  c5fs c4 s1  c5fs s2  c4 s1  c5fs c4 s1  c5fs s2  => 95686 dmg in 2753 frames
c5fs c5fs s1  c5fs c2fs s2  c1fs s1  c5fs c5fs s1  c5fs s2  c4 s1  => 95770.8 dmg in 2756 frames
c5fs c4 s1  c5fs c4 s1  c5fs s2  c4 s1  c4fs c4fs s1  c5fs s2  => 95809.7 dmg in 2769 frames
c5fs c5fs s1  c5fs c4 s1  c4 s2  c5fs s1  c5fs c5fs s1  c2 s2  => 96015.9 dmg in 2770 frames
c5fs c5fs s1  c5fs c1fs s2  c1fs s1  c5 c5fs s1  c5fs s2  c5fs s1  => 96377.9 dmg in 2779 frames
c5fs c5fs s1  c5fs c1fs s2  c1fs s1  c5fs c5fs s1  c5fs s2  c4fs s1  => 96501.6 dmg in 2783 frames
c5 c5fs s1  c5fs c4 s1  c5fs s2  c5fs s1  c5fs c5fs s1  c1 s2  => 96623.1 dmg in 2787 frames
c5fs c5fs s1  c5fs c4 s1  c4fs s2  c5fs s1  c5fs c5fs s1  c1 s2  => 96746.8 dmg in 2791 frames
c5fs c5fs s1  c5fs c3 s2  c1 s1  c5fs c5fs s1  c5fs s2  c5fs s1  => 96815.5 dmg in 2805 frames
c5fs c5fs s1  c4fs c4fs s1  c4fs s2  c5fs s1  c5fs c5fs s1  c1 s2  => 96870.5 dmg in 2807 frames
c5fs c4 s1  c5fs c4 s1  c5fs s2  c4 s1  c5 c5fs s1  c5fs s2  => 96991.9 dmg in 2816 frames
c5fs c5fs s1  c5fs c2fs s2  c1fs s1  c5 c5fs s1  c5fs s2  c5fs s1  => 97076.7 dmg in 2819 frames
c5fs c4fs s1  c5fs c4 s1  c5fs s2  c4 s1  c5fs c4 s1  c5fs s2  => 97115.6 dmg in 2820 frames
c5fs c5fs s1  c5fs c2fs s2  c1fs s1  c5fs c5fs s1  c5fs s2  c4fs s1  => 97200.4 dmg in 2823 frames
c5fs c5fs s1  c5fs c4 s1  c4 s2  c5fs s1  c5fs c5fs s1  c2fs s2  => 97445.5 dmg in 2832 frames
c5fs c5fs s1  c5fs c1fs s2  c1fs s1  c5fs c5fs s1  c5fs s2  c5fs s1  => 97807.5 dmg in 2834 frames
c5fs c5fs s1  c5fs c4 s1  c5fs s2  c5fs s1  c5fs c5fs s1  c1 s2  => 98052.7 dmg in 2842 frames
c5fs c5fs s1  c4fs c4fs s1  c5fs s2  c5fs s1  c5fs c5fs s1  c1 s2  => 98176.4 dmg in 2858 frames
c5fs c5fs s1  c5fs c3fs s1  c5fs s2  c5fs s1  c5fs c5fs s1  c1 s2  => 98245.1 dmg in 2867 frames
c5fs c5fs s1  c5fs c4 s1  c5fs s2  c4 s1  c5fs c4 s1  c5fs s2  => 98421.5 dmg in 2871 frames
c5fs c5fs s1  c5fs c2fs s2  c1fs s1  c5fs c5fs s1  c5fs s2  c5fs s1  => 98506.3 dmg in 2874 frames
c5fs c4 s1  c5fs c4 s1  c4fs s2  c4fs s1  c5fs c5fs s1  c5fs s2  => 98545.3 dmg in 2887 frames
c5fs c5fs s1  c5fs c4 s1  c5fs s2  c5fs s1  c5fs c5fs s1  c2 s2  => 98751.4 dmg in 2888 frames
c5fs c5fs s1  c5fs c4 s1  c5fs s2  c4fs s1  c5fs c5fs s1  c2fs s2  => 98875.2 dmg in 2899 frames
c5fs c5fs s1  c5fs c1 s2  c5fs s1  c5 c5fs s1  c5fs s2  c5fs s1  => 99358.6 dmg in 2908 frames
c5fs c5fs s1  c5fs c4 s1  c5fs s2  c5fs s1  c5fs c5fs s1  c1fs s2  => 99482.3 dmg in 2910 frames
c5fs c5fs s1  c4fs c4fs s1  c5fs s2  c5fs s1  c5fs c5fs s1  c1fs s2  => 99606 dmg in 2926 frames
c5fs c5fs s1  c5fs c4 s1  c5fs s2  c4 s1  c5 c5fs s1  c5fs s2  => 99727.4 dmg in 2934 frames
c5fs c5fs s1  c5fs c4 s1  c5fs s2  c4fs s1  c5fs c4 s1  c5fs s2  => 99851.2 dmg in 2938 frames
c5fs c5fs s1  c5fs c4 s1  c5fs s2  c5fs s1  c5fs c5fs s1  c3 s2  => 99919.9 dmg in 2949 frames
c5fs c4 s1  c5fs c4 s1  c5fs c4 s1  c5fs c4 s1  c5fs s2  c4 s1  => 100269 dmg in 2950 frames
c5fs c5fs s1  c5fs c1 s2  c5fs s1  c5fs c5fs s1  c5fs s2  c5fs s1  => 100788 dmg in 2963 frames
c5fs c5fs s1  c5fs c1fs s2  c5fs s1  c5fs c5fs s1  c5fs s2  c4fs s1  => 100912 dmg in 2980 frames
c5fs c5fs s1  c5fs c4 s1  c5fs s2  c5fs s1  c5fs c4 s1  c5fs s2  => 101157 dmg in 2989 frames
c5fs c5fs s1  c5fs c4 s1  c5fs s2  c5fs s1  c4fs c4fs s1  c5fs s2  => 101281 dmg in 3005 frames
c5fs c5fs s1  c5fs c2 s2  c5fs s1  c5fs c5fs s1  c5fs s2  c5fs s1  => 101487 dmg in 3009 frames
c5 c5fs s1  c5fs c4 s1  c5fs c4 s1  c5fs c4 s1  c5fs s2  c4 s1  => 101575 dmg in 3013 frames
c5fs c4fs s1  c5fs c4 s1  c5fs c4 s1  c5fs c4 s1  c5fs s2  c4 s1  => 101699 dmg in 3017 frames
c5fs c4 s1  c5fs c4 s1  c5 c4 s2  c1 s1  c5fs c4 s1  c5 c4 s2  c1 s1  => 106197 dmg in 3026 frames
c5fs c4 s1  c5fs c4 s1  c5fs s2  c4 s1  c5fs c4 s1  c5 c4 s2  c1 s1  => 106974 dmg in 3031 frames
c5fs c4 s1  c5fs c4 s1  c5fs s2  c4 s1  c5fs c4 s1  c5fs s2  c4 s1  => 107751 dmg in 3036 frames
c5fs c4 s1  c5fs c4 s1  c5fs s2  c4 s1  c4fs c4fs s1  c5fs s2  c4 s1  => 107874 dmg in 3052 frames
c5fs c4 s1  c5fs c4 s1  c5fs s2  c4 s1  c5fs c4 s1  c5fs s2  c3fs s1  => 107943 dmg in 3061 frames
c5fs c4 s1  c5fs c4 s1  c4fs s2  c4fs s1  c4fs c4fs s1  c5fs s2  c4 s1  => 107998 dmg in 3068 frames
c5fs c4 s1  c5fs c4 s1  c5fs s2  c4 s1  c5fs c1fs c1fs s1  c5fs s2  c4 s1  => 108159 dmg in 3075 frames
c5fs c4 s1  c5fs c4 s1  c5fs s2  c4 s1  c5fs c4 s1  c5fs c4 s1  c1 s2  => 108404 dmg in 3083 frames
c5fs c4 s1  c5fs c4 s1  c5fs s2  c4 s1  c5 c5fs s1  c5fs s2  c4 s1  => 109057 dmg in 3099 frames
c5fs c4fs s1  c5fs c4 s1  c5fs s2  c4 s1  c5fs c4 s1  c5fs s2  c4 s1  => 109180 dmg in 3103 frames
c5fs c4fs s1  c5fs c4 s1  c5fs s2  c4 s1  c4fs c4fs s1  c5fs s2  c4 s1  => 109304 dmg in 3119 frames
c5fs c4fs s1  c5fs c4 s1  c5fs s2  c4 s1  c5fs c4 s1  c5fs s2  c3fs s1  => 109373 dmg in 3128 frames
c5fs c4fs s1  c5fs c4 s1  c4fs s2  c4fs s1  c4fs c4fs s1  c5fs s2  c4 s1  => 109428 dmg in 3135 frames
c5fs c4 s1  c5fs c4 s1  c5fs s2  c1fs c1fs s1  c5 c5fs s1  c5fs s2  c4 s1  => 109464 dmg in 3138 frames
c5fs c4fs s1  c5fs c4 s1  c5fs s2  c4 s1  c5fs c1fs c1fs s1  c5fs s2  c4 s1  => 109588 dmg in 3142 frames
c5fs c4 s1  c5fs c4 s1  c5fs s2  c4 s1  c5 c5fs s1  c5fs c4 s1  c1 s2  => 109710 dmg in 3146 frames
c5fs c4fs s1  c5fs c4 s1  c5fs s2  c4 s1  c5fs c4 s1  c5fs c4 s1  c1 s2  => 109833 dmg in 3150 frames
c5fs c5fs s1  c5fs c4 s1  c5fs s2  c4 s1  c5fs c4 s1  c5fs s2  c4 s1  => 110486 dmg in 3154 frames
c5fs c4 s1  c5fs c4 s1  c4fs s2  c4fs s1  c5fs c5fs s1  c5fs s2  c4 s1  => 110610 dmg in 3170 frames
c5fs c5fs s1  c5fs c4 s1  c5fs s2  c4 s1  c5fs c4 s1  c5fs s2  c3fs s1  => 110679 dmg in 3179 frames
c5fs c4 s1  c4fs c4fs s1  c4fs s2  c4fs s1  c5fs c5fs s1  c5fs s2  c4 s1  => 110734 dmg in 3186 frames
c5fs c5fs s1  c5fs c1fs c1fs s1  c5fs s2  c4 s1  c5fs c4 s1  c5fs s2  c4 s1  => 110894 dmg in 3193 frames
c5fs c5fs s1  c5fs c4 s1  c5fs s2  c4 s1  c5fs c4 s1  c5fs c4 s1  c1 s2  => 111139 dmg in 3201 frames
c5fs c5fs s1  c5fs c4 s1  c5fs s2  c4 s1  c5 c5fs s1  c5fs s2  c4 s1  => 111792 dmg in 3217 frames
c5fs c5fs s1  c5fs c4 s1  c5fs s2  c4fs s1  c5fs c4 s1  c5fs s2  c4 s1  => 111916 dmg in 3221 frames
c5fs c5fs s1  c5fs c4 s1  c5fs s2  c4fs s1  c4fs c4fs s1  c5fs s2  c4 s1  => 112040 dmg in 3237 frames
c5fs c5fs s1  c5fs c4 s1  c5fs s2  c4fs s1  c5fs c4 s1  c5fs s2  c3fs s1  => 112108 dmg in 3246 frames
c5fs c5fs s1  c4fs c4fs s1  c5fs s2  c4fs s1  c4fs c4fs s1  c5fs s2  c4 s1  => 112163 dmg in 3253 frames
c5fs c5fs s1  c5fs c4 s1  c5fs s2  c1fs c1fs s1  c5 c5fs s1  c5fs s2  c4 s1  => 112200 dmg in 3256 frames
c5fs c5fs s1  c5fs c4 s1  c5fs s2  c4fs s1  c5fs c1fs c1fs s1  c5fs s2  c4 s1  => 112324 dmg in 3260 frames
c5fs c5fs s1  c5fs c4 s1  c5fs s2  c4 s1  c5 c5fs s1  c5fs c4 s1  c1 s2  => 112445 dmg in 3264 frames
c5fs c5fs s1  c5fs c4 s1  c5fs s2  c4fs s1  c5fs c4 s1  c5fs c4 s1  c1 s2  => 112569 dmg in 3268 frames
c5fs c5fs s1  c5fs c4 s1  c5fs s2  c5fs s1  c5fs c4 s1  c5fs s2  c4 s1  => 113222 dmg in 3272 frames
c5fs c4 s1  c5fs c4 s1  c4fs s2  c4fs s1  c5fs c5fs s1  c5fs s2  c5fs s1  => 113345 dmg in 3288 frames
c5fs c5fs s1  c5fs c4 s1  c5fs s2  c5fs s1  c5fs c4 s1  c5fs s2  c3fs s1  => 113414 dmg in 3297 frames
c5fs c4 s1  c4fs c4fs s1  c4fs s2  c4fs s1  c5fs c5fs s1  c5fs s2  c5fs s1  => 113469 dmg in 3304 frames
c5fs c5fs s1  c5fs c4 s1  c5fs c1fs s2  c1fs s1  c5fs c5fs s1  c5fs s2  c4 s1  => 113630 dmg in 3311 frames
c5fs c5fs s1  c5fs c4 s1  c5fs s2  c5fs s1  c5fs c4 s1  c5fs c4 s1  c1 s2  => 113875 dmg in 3319 frames
c5fs c5fs s1  c5fs c4 s1  c5fs s2  c5fs s1  c5 c5fs s1  c5fs s2  c4 s1  => 114528 dmg in 3335 frames
c5fs c5fs s1  c5fs c4 s1  c5fs s2  c4fs s1  c5fs c5fs s1  c5fs s2  c4 s1  => 114651 dmg in 3339 frames
c5fs c5fs s1  c4fs c4fs s1  c5fs s2  c4fs s1  c5fs c5fs s1  c5fs s2  c4 s1  => 114775 dmg in 3355 frames
c5fs c5fs s1  c5fs c4 s1  c5fs s2  c4fs s1  c5fs c5fs s1  c5fs s2  c3fs s1  => 114844 dmg in 3364 frames
c5fs c5fs s1  c4fs c4fs s1  c5fs s2  c5fs s1  c4fs c4fs s1  c5fs s2  c4fs s1  => 114899 dmg in 3371 frames
c5fs c5fs s1  c5fs c1fs c1fs s1  c5fs s2  c5fs s1  c5 c5fs s1  c5fs s2  c4 s1  => 114935 dmg in 3374 frames
c5fs c5fs s1  c5fs c1fs c1fs s1  c5fs s2  c5fs s1  c5fs c4fs s1  c5fs s2  c4 s1  => 115059 dmg in 3378 frames
c5fs c5fs s1  c5fs c4 s1  c5fs s2  c5fs s1  c5 c5fs s1  c5fs c4 s1  c1 s2  => 115181 dmg in 3382 frames
c5fs c5fs s1  c5fs c4 s1  c5fs s2  c4fs s1  c5fs c5fs s1  c5fs c4 s1  c1 s2  => 115304 dmg in 3386 frames
c5fs c5fs s1  c5fs c4 s1  c5fs s2  c5fs s1  c5fs c5fs s1  c5fs s2  c4 s1  => 115957 dmg in 3390 frames
c5fs c5fs s1  c4fs c4fs s1  c5fs s2  c5fs s1  c5fs c5fs s1  c5fs s2  c4 s1  => 116081 dmg in 3406 frames
c5fs c5fs s1  c5fs c4 s1  c5fs s2  c5fs s1  c5fs c5fs s1  c5fs s2  c3fs s1  => 116150 dmg in 3415 frames
c5fs c5fs s1  c4fs c4fs s1  c5fs s2  c4fs s1  c5fs c5fs s1  c5fs s2  c4fs s1  => 116205 dmg in 3422 frames
c5fs c5fs s1  c5fs c1fs c1fs s1  c5fs s2  c5fs s1  c5fs c5fs s1  c5fs s2  c4 s1  => 116365 dmg in 3429 frames
c5fs c5fs s1  c5fs c4 s1  c5fs s2  c5fs s1  c5fs c5fs s1  c5fs c4 s1  c1 s2  => 116610 dmg in 3437 frames
c5fs c5fs s1  c5fs c4 s1  c5fs s2  c5fs s1  c5 c5fs s1  c5fs s2  c5fs s1  => 117263 dmg in 3453 frames
c5fs c5fs s1  c5fs c4 s1  c5fs s2  c5fs s1  c5fs c5fs s1  c5fs s2  c4fs s1  => 117387 dmg in 3457 frames
c5fs c5fs s1  c4fs c4fs s1  c5fs s2  c5fs s1  c5fs c5fs s1  c5fs s2  c4fs s1  => 117511 dmg in 3473 frames
c5fs c5fs s1  c5fs c3fs s1  c5fs s2  c5fs s1  c5fs c5fs s1  c5fs s2  c4fs s1  => 117579 dmg in 3482 frames
c5fs c5fs s1  c5fs c1fs s2  c1fs s1  c5 c5fs s1  c5fs s2  c5fs s1  c5fs c5fs s1  => 117671 dmg in 3492 frames
c5fs c5fs s1  c5fs c1fs c1fs s1  c5fs s2  c5fs s1  c5fs c5fs s1  c5fs s2  c4fs s1  => 117795 dmg in 3496 frames
c5fs c5fs s1  c5fs c4 s1  c5fs s2  c5fs s1  c5 c5fs s1  c5fs s2  c5fs c1 s1  => 117916 dmg in 3503 frames
c5fs c5fs s1  c5fs c4 s1  c5fs s2  c5fs s1  c5fs c5fs s1  c5fs c4 s1  c1fs s2  => 118040 dmg in 3505 frames
c5fs c5fs s1  c5fs c4 s1  c5fs s2  c5fs s1  c5fs c5fs s1  c5fs s2  c5fs s1  => 118693 dmg in 3508 frames
c5fs c5fs s1  c4fs c4fs s1  c5fs s2  c5fs s1  c5fs c5fs s1  c5fs s2  c5fs s1  => 118817 dmg in 3524 frames
c5fs c5fs s1  c5fs c3fs s1  c5fs s2  c5fs s1  c5fs c5fs s1  c5fs s2  c5fs s1  => 118885 dmg in 3533 frames
c5 c5 s1  c5 c4 s2  c1 s1  c5fs c5fs s1  c5fs s2  c5fs s1  c5fs c5fs s1  c1 s2  => 123191 dmg in 3541 frames
c5 c5fs s1  c5 c3 s2  c1fs s1  c5 c5fs s1  c5fs s2  c5fs s1  c5fs c5fs s1  c1 s2  => 123384 dmg in 3554 frames
c5fs c5fs s1  c5fs c1 s2  c5fs s1  c5fs c5fs s1  c1 s2  c5 c4 s1  c5fs c4 s1  c1 s2  => 123968 dmg in 3568 frames
c5 c5fs s1  c5fs c1fs s2  c1fs s1  c5 c5fs s1  c5fs s2  c5fs s1  c5fs c5fs s1  c1 s2  => 124376 dmg in 3570 frames
c5fs c5fs s1  c5fs c1 s2  c5fs s1  c5fs c4 s1  c4 s2  c5fs s1  c5fs c5fs s1  c1 s2  => 124745 dmg in 3573 frames
c5fs c5fs s1  c5fs c1 s2  c5fs s1  c4fs c4fs s1  c4 s2  c5fs s1  c5fs c5fs s1  c1 s2  => 124868 dmg in 3589 frames
c5fs c5fs s1  c5fs c1 s2  c5fs s1  c5fs c4 s1  c3fs s2  c5fs s1  c5fs c5fs s1  c1 s2  => 124937 dmg in 3598 frames
