c1 => 652.951 dmg in 16 frames
c2 => 1351.72 dmg in 62 frames
c1fs => 2082.57 dmg in 84 frames
c3 => 2520.16 dmg in 123 frames
c2fs => 2781.34 dmg in 124 frames
c4 => 3757.33 dmg in 163 frames
c3fs => 3949.78 dmg in 188 frames
c1fs c1fs => 4165.14 dmg in 202 frames
c4fs => 5186.95 dmg in 230 frames
c5 c1 => 5716.19 dmg in 276 frames
c4fs c1 => 5839.9 dmg in 280 frames
c5fs => 6492.86 dmg in 281 frames
c2fs c4 => 6538.68 dmg in 321 frames
c5fs c1 => 7145.81 dmg in 331 frames
c4fs c1fs => 7269.52 dmg in 348 frames
c5fs c2 => 7844.58 dmg in 377 frames
c4fs c2fs => 7968.3 dmg in 388 frames
c5fs c1fs => 8575.43 dmg in 399 frames
c5 c4 => 8820.57 dmg in 423 frames
c4fs c4 => 8944.29 dmg in 427 frames
c5fs c3 => 9013.02 dmg in 438 frames
c5fs c2fs => 9274.2 dmg in 439 frames
c4fs c1fs c1fs => 9352.1 dmg in 466 frames
c5fs c4 => 10250.2 dmg in 478 frames
c5fs c4 s1  => 18557.6 dmg in 484 frames
c4fs c4fs s1  => 18681.3 dmg in 500 frames
c5fs c3fs s1  => 18750 dmg in 509 frames
c5fs c1fs c1fs s1  => 18965.4 dmg in 523 frames
c5 c5 c1 s1  => 19086.8 dmg in 542 frames
c5 c4fs c1 s1  => 19210.5 dmg in 546 frames
c5 c5fs s1  => 19863.5 dmg in 547 frames
c5fs c4fs s1  => 19987.2 dmg in 551 frames
c4fs c2fs c4 s1  => 20033 dmg in 591 frames
c5fs c5 c1 s1  => 20516.4 dmg in 597 frames
c5fs c4fs c1 s1  => 20640.1 dmg in 601 frames
c5fs c5fs s1  => 21293.1 dmg in 602 frames
c5fs c2fs c4 s1  => 21338.9 dmg in 642 frames
c5fs c5fs c1 s1  => 21946 dmg in 652 frames
c5fs c4fs c1fs s1  => 22069.8 dmg in 669 frames
c5 c5 c4 s1  => 22191.2 dmg in 689 frames
c5 c4fs c4 s1  => 22314.9 dmg in 693 frames
c4fs c4fs c4 s1  => 22438.6 dmg in 697 frames
c5fs c5fs c2 s1  => 22644.8 dmg in 698 frames
c5fs c4fs c2fs s1  => 22768.5 dmg in 709 frames
c5fs c5fs c1fs s1  => 23375.7 dmg in 720 frames
c5fs c5 c4 s1  => 23620.8 dmg in 744 frames
c5fs c4fs c4 s1  => 23744.5 dmg in 748 frames
c5fs c5fs c3 s1  => 23813.2 dmg in 759 frames
c5fs c5fs c2fs s1  => 24074.4 dmg in 760 frames
c5fs c4fs c1fs c1fs s1  => 24152.3 dmg in 787 frames
c5fs c5fs c4 s1  => 25050.4 dmg in 799 frames
c5fs c4fs c4fs s1  => 25174.1 dmg in 815 frames
c5fs c5fs c3fs s1  => 25242.9 dmg in 824 frames
c5fs c5fs c1fs c1fs s1  => 25458.2 dmg in 838 frames
c5fs c5 c5 c1 s1  => 25579.7 dmg in 857 frames
c5fs c5 c4fs c1 s1  => 25703.4 dmg in 861 frames
c5fs c5 c5fs s1  => 26356.3 dmg in 862 frames
c5fs c5fs c4fs s1  => 26480 dmg in 866 frames
c5fs c4fs c2fs c4 s1  => 26525.9 dmg in 906 frames
c5fs c5fs c5 c1 s1  => 27009.3 dmg in 912 frames
c5fs c5fs c4fs c1 s1  => 27133 dmg in 916 frames
c5fs c5fs c5fs s1  => 27785.9 dmg in 917 frames
c5fs c5fs c2fs c4 s1  => 27831.8 dmg in 957 frames
c5fs c5fs c5fs c1 s1  => 28438.9 dmg in 967 frames
c5fs c5fs c4fs c1fs s1  => 28562.6 dmg in 984 frames
c5fs c5 c4fs c4 s1  => 28807.8 dmg in 1008 frames
c5fs c4fs c4fs c4 s1  => 28931.5 dmg in 1012 frames
c5fs c5 c5fs s3  c1fs s1  => 28959.7 dmg in 1015 frames
c5fs c5fs c4fs s3  c1fs s1  => 29083.4 dmg in 1019 frames
c5fs c5fs c5 c2fs s1  => 29137.7 dmg in 1020 frames
c5fs c5fs c4fs c2fs s1  => 29261.4 dmg in 1024 frames
c5fs c5fs c4 s3  c4 s1  => 29459.3 dmg in 1031 frames
c5 c5fs s1  c5 c3 s2  => 34928.3 dmg in 1047 frames
c5fs c5fs c5fs s1  c1 s2  => 35920.3 dmg in 1050 frames
c5fs c4 s1  c5fs c4 s1  => 37115.1 dmg in 1079 frames
c5fs c4 s1  c4fs c4fs s1  => 37238.8 dmg in 1095 frames
c5fs c4 s1  c5fs c3fs s1  => 37307.6 dmg in 1104 frames
c4fs c4fs s1  c4fs c4fs s1  => 37362.6 dmg in 1111 frames
c5fs c4 s1  c5fs s3  c4 s1  => 37766.6 dmg in 1114 frames
c4fs c4fs s1  c5fs s3  c4 s1  => 37890.4 dmg in 1130 frames
c5fs c4 s1  c5fs s3  c3fs s1  => 37974.1 dmg in 1139 frames
c5 c5fs s1  c5fs c4 s1  => 38421 dmg in 1142 frames
c5fs c4fs s1  c5fs c4 s1  => 38544.7 dmg in 1146 frames
c5fs c4fs s1  c4fs c4fs s1  => 38668.5 dmg in 1162 frames
c5fs c4fs s1  c5fs c3fs s1  => 38737.2 dmg in 1171 frames
c5 c5fs s1  c5fs s3  c4 s1  => 39072.6 dmg in 1177 frames
c5fs c4 s1  c5fs s3  c4fs s1  => 39307.9 dmg in 1181 frames
c5 c5 s1  c5 c4 s2  c1 s1  => 43696.2 dmg in 1183 frames
c5fs c4 s1  c5fs c4 s1  s2  => 44596.6 dmg in 1196 frames
c5fs c4 s1  c5fs c4 s1  c1 s2  => 45249.5 dmg in 1212 frames
c5fs c4 s1  c4fs c4fs s1  c1 s2  => 45373.2 dmg in 1228 frames
c5fs c4 s1  c5fs s3  c4 s1  s2  => 45832.1 dmg in 1231 frames
c5fs c4 s1  c5fs s3  c4 s1  c1 s2  => 46536 dmg in 1247 frames
c4fs c4fs s1  c5fs s3  c4 s1  c1 s2  => 46659.7 dmg in 1263 frames
c5fs c4 s1  c5fs s3  c3fs s1  c1 s2  => 46743.5 dmg in 1272 frames
c5fs c1fs c1fs s1  c5fs s3  c4 s1  c1 s2  => 46943.8 dmg in 1286 frames
c5fs c4 s1  c5fs s3  c4 s1  c2 s2  => 47289.3 dmg in 1293 frames
c5fs c4 s1  c5fs s3  c4fs s1  s2  => 47373.3 dmg in 1298 frames
c4fs c4fs s1  c5fs s3  c4 s1  c2 s2  => 47413 dmg in 1309 frames
c5 c5fs s1  c5fs s3  c4 s1  c1 s2  => 47841.9 dmg in 1310 frames
c5fs c4 s1  c5fs s3  c4fs s1  c1 s2  => 48077.2 dmg in 1314 frames
c4fs c4fs s1  c5fs s3  c4fs s1  c1 s2  => 48200.9 dmg in 1330 frames
c5fs c3fs s1  c5fs s3  c4fs s1  c1 s2  => 48269.7 dmg in 1339 frames
c5fs c4 s1  c5fs s3  c3fs s1  c1fs s2  => 48284.7 dmg in 1340 frames
c5 c5fs s1  c5fs s3  c2fs s2  c1fs s1  => 48330.9 dmg in 1342 frames
c5fs c4fs s1  c5fs s3  c2fs s2  c1fs s1  => 48454.7 dmg in 1346 frames
c5fs c5fs s1  c4 s3  c5fs s1  s2  => 48781.1 dmg in 1349 frames
c5fs c4 s1  c5fs s3  c4 s1  c2fs s2  => 48830.5 dmg in 1355 frames
c5fs c4fs c1 s1  c4 s3  c5fs s1  c1 s2  => 48832.1 dmg in 1364 frames
c5fs c5fs s1  c4 s3  c5fs s1  c1 s2  => 49485 dmg in 1365 frames
c5fs c4fs s1  c4fs s3  c5fs s1  c1 s2  => 49608.8 dmg in 1381 frames
c5fs c4 s1  c5fs s3  c4fs s1  c1fs s2  => 49618.4 dmg in 1382 frames
c5fs c5fs s1  c3fs s3  c5fs s1  c1 s2  => 49677.5 dmg in 1390 frames
c5fs c4 s1  c5fs s3  c4 s1  c4 s2  => 49882.7 dmg in 1394 frames
c5fs c1fs c1fs s1  c5fs s3  c5fs s1  c1 s2  => 49892.9 dmg in 1404 frames
c4fs c4fs s1  c5fs s3  c4 s1  c4 s2  => 50006.4 dmg in 1410 frames
c5fs c5fs s1  c4 s3  c5fs s1  c2 s2  => 50238.4 dmg in 1411 frames
c5fs c4 s1  c5fs s3  c4fs s1  c2fs s2  => 50371.7 dmg in 1422 frames
c5 c5fs s1  c5fs s3  c5fs s1  c1 s2  => 50790.9 dmg in 1428 frames
c5fs c5fs s1  c4fs s3  c5fs s1  c1 s2  => 50914.7 dmg in 1432 frames
c5fs c5fs s1  c4 s3  c5fs s1  c1fs s2  => 51026.3 dmg in 1433 frames
c5fs c4fs s1  c4fs s3  c5fs s1  c1fs s2  => 51150 dmg in 1449 frames
c5 c5fs s1  c5fs s3  c4 s1  c4 s2  => 51188.6 dmg in 1457 frames
c5fs c5fs s1  c3fs s3  c5fs s1  c1fs s2  => 51218.7 dmg in 1458 frames
c5fs c4 s1  c5fs s3  c4fs s1  c4 s2  => 51423.9 dmg in 1461 frames
c5fs c5fs s1  c5fs s3  c5fs s1  s2  => 51516.6 dmg in 1467 frames
c5fs c5fs s1  c4 s3  c5fs s1  c2fs s2  => 51779.6 dmg in 1473 frames
c5fs c5fs s1  c5fs s3  c5fs s1  c1 s2  => 52220.6 dmg in 1483 frames
c5 c5fs s1  c5fs s3  c5fs s1  c1fs s2  => 52332.2 dmg in 1496 frames
c5fs c5fs s1  c4fs s3  c5fs s1  c1fs s2  => 52455.9 dmg in 1500 frames
c5fs c5fs s1  c4 s3  c5fs s1  c4 s2  => 52831.8 dmg in 1512 frames
c5fs c4 s1  c5fs s3  c4fs s1  c4fs s2  => 52965.1 dmg in 1528 frames
c5fs c5fs s1  c5fs s3  c5fs s1  c2 s2  => 52973.9 dmg in 1529 frames
c5 c5fs s1  c5fs s3  c5fs s1  c2fs s2  => 53085.5 dmg in 1536 frames
c5fs c5fs s1  c4fs s3  c5fs s1  c2fs s2  => 53209.2 dmg in 1540 frames
c5fs c5fs s1  c5fs s3  c5fs s1  c1fs s2  => 53761.8 dmg in 1551 frames
c5 c5fs s1  c5fs s3  c5fs s1  c4 s2  => 54137.7 dmg in 1575 frames
c5fs c5fs s1  c4 s3  c5fs s1  c4fs s2  => 54373 dmg in 1579 frames
c5fs c5fs s1  c5fs s3  c5fs s1  c2fs s2  => 54515.1 dmg in 1591 frames
c5fs c5fs s1  c3fs s3  c5fs s1  c4fs s2  => 54565.4 dmg in 1604 frames
c5fs c5fs c4 s3  c2 s1  c5fs s2  c4 s1  => 54937.4 dmg in 1611 frames
c5fs c5 c1 s1  c4 s3  c5fs s1  c5fs s2  => 55004.1 dmg in 1625 frames
c5fs c5fs c4 s3  c2 s1  c4fs s2  c4fs s1  => 55070.8 dmg in 1627 frames
c5fs c4fs c1 s1  c4 s3  c5fs s1  c5fs s2  => 55127.8 dmg in 1629 frames
c5fs c5fs s1  c4 s3  c5fs s1  c5fs s2  => 55780.8 dmg in 1630 frames
c5fs c4fs s1  c4fs s3  c5fs s1  c5fs s2  => 55904.5 dmg in 1646 frames
c5fs c5fs s1  c3fs s3  c5fs s1  c5fs s2  => 55973.2 dmg in 1655 frames
c5fs c4fs c4fs s3  c1fs s1  c4fs s2  c4fs s1  => 55982.4 dmg in 1665 frames
c5fs c1fs c1fs s1  c5fs s3  c5fs s1  c5fs s2  => 56188.6 dmg in 1669 frames
c5fs c5fs c4 s3  c3 s1  c5fs s2  c4 s1  => 56197.1 dmg in 1672 frames
c5fs c5fs c4 s3  c2fs s1  c5fs s2  c4 s1  => 56478.6 dmg in 1673 frames
c5fs c5fs s1  c4 s3  c5fs c1 s1  c5fs s2  => 56484.7 dmg in 1680 frames
c5fs c5fs c4 s3  c2fs s1  c4fs s2  c4fs s1  => 56612 dmg in 1689 frames
c5 c5fs s1  c5fs s3  c5fs s1  c5fs s2  => 57086.7 dmg in 1693 frames
c5fs c5fs s1  c4fs s3  c5fs s1  c5fs s2  => 57210.4 dmg in 1697 frames
c5fs c5fs c4 s3  c1fs s1  c5fs s2  c4fs s1  => 57266.5 dmg in 1700 frames
c5fs c4 s1  c5fs s3  c4 s1  c5fs c4 s1  => 57772.8 dmg in 1709 frames
c5fs c4 s1  c5fs s3  c4 s1  c4fs c4fs s1  => 57906.1 dmg in 1725 frames
c5fs c4 s1  c5fs s3  c4 s1  c5fs c3fs s1  => 57980.2 dmg in 1734 frames
c5fs c5fs c4 s3  c2fs s1  c4fs s2  c5fs s1  => 58019.9 dmg in 1740 frames
c4fs c4fs s1  c5fs s3  c4 s1  c4fs c4fs s1  => 58029.9 dmg in 1741 frames
c5fs c5fs s1  c5fs s3  c5fs s1  c5fs s2  => 58516.3 dmg in 1748 frames
c5fs c5fs c4 s3  c1fs s1  c5fs s2  c5fs s1  => 58674.4 dmg in 1751 frames
c5fs c4 s1  c5fs c4 s1  c1 s2  c5 c4 s1  => 62377.5 dmg in 1755 frames
c5fs c4 s1  c5fs c4 s1  c5fs s2  c4 s1  => 63154.1 dmg in 1760 frames
c5fs c4 s1  c5fs c4 s1  c4fs s2  c4fs s1  => 63277.9 dmg in 1776 frames
c5fs c4 s1  c5fs c3fs s1  c5fs s2  c4 s1  => 63346.6 dmg in 1785 frames
c5fs c4 s1  c5fs s3  c4 s1  c5 c1 s2  c4 s1  => 65000.9 dmg in 1790 frames
c5fs c4 s1  c5fs s3  c4 s1  c4 s2  c5fs s1  => 65838.2 dmg in 1795 frames
c5fs c4 s1  c5fs s3  c4 s1  c4fs s2  c4fs s1  => 65971.6 dmg in 1811 frames
c5fs c4 s1  c5fs s3  c4 s1  c5fs s2  c3fs s1  => 66045.7 dmg in 1820 frames
c4fs c4fs s1  c5fs s3  c4 s1  c4fs s2  c4fs s1  => 66095.3 dmg in 1827 frames
c5fs c4 s1  c5fs s3  c4 s1  c1fs s2  c5fs c1fs s1  => 66277.8 dmg in 1834 frames
c5fs c4 s1  c5fs s3  c4 s1  c5fs c4 s1  c1 s2  => 66542.1 dmg in 1842 frames
c5fs c4 s1  c5 c1 s3  c4fs s1  c5fs s2  c4 s1  => 66602.7 dmg in 1857 frames
c5 c5fs s1  c5fs s3  c4 s1  c4 s2  c5fs s1  => 67144.1 dmg in 1858 frames
c5fs c4 s1  c5fs s3  c4 s1  c5fs s2  c4fs s1  => 67379.4 dmg in 1862 frames
c5fs c4 s1  c5fs s3  c4fs s1  c4fs s2  c4fs s1  => 67512.8 dmg in 1878 frames
c5fs c4 s1  c5fs s3  c3fs s1  c5fs s2  c4fs s1  => 67586.9 dmg in 1887 frames
c4fs c4fs s1  c5fs s3  c4fs s1  c4fs s2  c4fs s1  => 67636.5 dmg in 1894 frames
c5fs c4 s1  c5fs s3  c4fs s1  c1fs s2  c5fs c1fs s1  => 67819 dmg in 1901 frames
c5fs c4 s1  c5fs s3  c4 s1  c5 c5fs s1  c1 s2  => 67949.9 dmg in 1905 frames
c5fs c5 c1 s1  c4 s3  c5fs s1  c5fs s2  c4 s1  => 68010.6 dmg in 1908 frames
c5fs c4 s1  c5fs s3  c4fs s1  c5fs c4 s1  c1 s2  => 68083.3 dmg in 1909 frames
c5fs c4fs c1 s1  c4 s3  c5fs s1  c5fs s2  c4 s1  => 68134.3 dmg in 1912 frames
c5fs c5fs s1  c4 s3  c5fs s1  c5fs s2  c4 s1  => 68787.2 dmg in 1913 frames
c5fs c4 s1  c5fs s3  c4fs s1  c4fs s2  c5fs s1  => 68920.6 dmg in 1929 frames
c5fs c5fs s1  c4 s3  c5fs s1  c3fs s2  c5fs s1  => 68994.7 dmg in 1938 frames
c4fs c4fs s1  c5fs s3  c4fs s1  c4fs s2  c5fs s1  => 69044.3 dmg in 1945 frames
c5fs c5fs s1  c4 s3  c5fs s1  c1fs c1fs s2  c5fs s1  => 69226.9 dmg in 1952 frames
c5fs c5fs s1  c4 s3  c5fs s1  c5fs c4 s1  c1 s2  => 69491.2 dmg in 1960 frames
c5fs c5 c1 s1  c4 s3  c5fs s1  c4fs s2  c5fs s1  => 69551.8 dmg in 1975 frames
c5 c5fs s1  c5fs s3  c5fs s1  c5fs s2  c4 s1  => 70093.1 dmg in 1976 frames
c5fs c5fs s1  c4 s3  c5fs s1  c4fs s2  c5fs s1  => 70328.5 dmg in 1980 frames
c5fs c4fs s1  c4fs s3  c5fs s1  c4fs s2  c5fs s1  => 70452.2 dmg in 1996 frames
c5fs c5fs s1  c3fs s3  c5fs s1  c4fs s2  c5fs s1  => 70520.9 dmg in 2005 frames
c5 c5fs s1  c5fs s3  c5fs s1  c1fs c1fs s2  c5fs s1  => 70532.8 dmg in 2015 frames
c5fs c1fs c1fs s1  c5fs s3  c5fs s1  c4fs s2  c5fs s1  => 70736.3 dmg in 2019 frames
c5 c5fs s1  c5fs s3  c5fs s1  c5fs c4 s1  c1 s2  => 70797.1 dmg in 2023 frames
c5fs c5 c1 s1  c4 s3  c5fs s1  c5fs s2  c5fs s1  => 70959.6 dmg in 2026 frames
c5fs c5fs s1  c4 s3  c5fs s1  c5fs c4 s1  c1fs s2  => 71032.4 dmg in 2028 frames
c5fs c4fs c1 s1  c4 s3  c5fs s1  c5fs s2  c5fs s1  => 71083.3 dmg in 2030 frames
c5fs c5fs s1  c4 s3  c5fs s1  c5fs s2  c5fs s1  => 71736.3 dmg in 2031 frames
c5fs c4fs s1  c4fs s3  c5fs s1  c5fs s2  c5fs s1  => 71860 dmg in 2047 frames
c5fs c5fs s1  c3fs s3  c5fs s1  c5fs s2  c5fs s1  => 71928.7 dmg in 2056 frames
c5fs c1fs c1fs s1  c5fs s3  c5fs s1  c5fs s2  c5fs s1  => 72144.1 dmg in 2070 frames
c5fs c5fs s1  c5fs s3  c5fs s1  c5fs c4 s1  c1 s2  => 72226.7 dmg in 2078 frames
c5fs c5fs s1  c4 s3  c5fs s1  c5fs c1 s2  c5fs s1  => 72440.2 dmg in 2081 frames
c5 c5fs s1  c5fs s3  c5fs s1  c5fs s2  c5fs s1  => 73042.2 dmg in 2094 frames
c5fs c5fs s1  c4fs s3  c5fs s1  c5fs s2  c5fs s1  => 73165.9 dmg in 2098 frames
c5fs c5fs s1  c4fs s3  c5fs s1  c5fs c4 s1  c2fs s2  => 73215.3 dmg in 2135 frames
c5 c5fs s1  c5fs s3  c5fs s1  c5fs c1 s2  c5fs s1  => 73746.1 dmg in 2144 frames
c5fs c5fs s1  c5fs s3  c5fs s1  c5fs c4 s1  c1fs s2  => 73767.9 dmg in 2146 frames
c5fs c5fs s1  c4fs s3  c5fs s1  c5fs c1 s2  c5fs s1  => 73869.8 dmg in 2148 frames
c5fs c5fs s1  c5fs s3  c5fs s1  c5fs s2  c5fs s1  => 74471.8 dmg in 2149 frames
c5fs c5fs s1  c5fs s3  c5fs s1  c5fs c4 s1  c2fs s2  => 74521.2 dmg in 2186 frames
c5fs c5fs s1  c4fs c1 s3  c5fs s1  c5fs c1 s2  c5fs s1  => 74522.8 dmg in 2198 frames
c5fs c5fs s1  c5fs s3  c5fs s1  c5fs c1 s2  c5fs s1  => 75175.7 dmg in 2199 frames
c5fs c5fs s1  c4fs c1fs s3  c5fs s1  c5fs s2  c5fs s1  => 75248.5 dmg in 2216 frames
c5fs c5fs c4 s1  c4 s3  c5fs s1  c5fs s2  c5fs s1  => 75493.6 dmg in 2228 frames
c5fs c4fs s1  c4fs c4 s3  c5fs s1  c5fs s2  c5fs s1  => 75617.3 dmg in 2244 frames
c5fs c5fs s1  c5fs c2 s3  c5fs s1  c5fs s2  c5fs s1  => 75823.5 dmg in 2245 frames
c5fs c5fs s1  c5fs c1 s3  c5fs s1  c5fs c1 s2  c5fs s1  => 75828.7 dmg in 2249 frames
c5fs c5fs s1  c4fs c2fs s3  c5fs s1  c5fs s2  c5fs s1  => 75947.2 dmg in 2256 frames
c5fs c5fs s1  c4fs c1fs s3  c5fs s1  c5fs c1 s2  c5fs s1  => 75952.4 dmg in 2266 frames
c5fs c5fs s1  c5fs c1fs s3  c5fs s1  c5fs s2  c5fs s1  => 76554.4 dmg in 2267 frames
c5fs c5fs s1  c5 c4 s3  c5fs s1  c5fs s2  c5fs s1  => 76799.5 dmg in 2291 frames
c5 c5fs s1  c5 c3 s2  c5fs s1  c5fs c5fs s1  c1 s2  => 79156 dmg in 2294 frames
c5fs c5fs s1  c5fs c1 s2  c5fs s1  c5fs c5fs s1  c1 s2  => 80148.1 dmg in 2297 frames
c5fs c5fs c4 s1  c4 s2  c5fs s1  c5fs c5fs s1  c1 s2  => 80516.9 dmg in 2326 frames
c5fs c5fs s1  c5fs c1 s2  c4fs s1  c5fs c4 s1  c4fs s2  => 80640.6 dmg in 2342 frames
c5fs c5fs s1  c5fs c2 s2  c5fs s1  c5fs c5fs s1  c1 s2  => 80846.8 dmg in 2343 frames
c5fs c4 s1  c5fs c4 s1  c5 c1 s2  c4 s1  c5fs c4 s1  => 80935 dmg in 2350 frames
c5 c5fs s1  c5 c3 s2  c1 s3  c4 s1  c5 c5fs s1  c4 s2  => 81827.5 dmg in 2353 frames
c5fs c5fs s1  c5fs c1 s2  c1 s3  c4 s1  c5 c5fs s1  c4 s2  => 82819.5 dmg in 2356 frames
c5fs c4 s1  c5fs s3  c4 s2  c1 s1  c5fs c5fs s1  c5fs s2  => 83571 dmg in 2361 frames
c4fs c4fs s1  c5fs s3  c4 s2  c1 s1  c5fs c5fs s1  c5fs s2  => 83694.7 dmg in 2377 frames
c5fs c5fs s1  c5fs c1 s2  c1 s3  c5fs s1  c5fs c5fs s1  c1 s2  => 83963.1 dmg in 2382 frames
c5fs c4 s1  c5fs s3  c4 s1  c5fs c4 s1  c1 s2  c5 c4 s1  => 83963.4 dmg in 2385 frames
c5fs c4 s1  c5fs s3  c4 s1  c5fs s2  c4 s1  c5fs c4 s1  => 84791 dmg in 2390 frames
c5fs c4 s1  c5fs s3  c4 s1  c5fs c4 s1  c4fs s2  c4fs s1  => 84975.3 dmg in 2406 frames
c5fs c3fs s1  c5fs s3  c4 s1  c5fs s2  c4 s1  c5fs c4 s1  => 84983.4 dmg in 2415 frames
c5fs c4 s1  c5fs s3  c4 s1  c4fs c4fs s1  c4fs s2  c4fs s1  => 85108.7 dmg in 2422 frames
c5fs c4 s1  c5fs s3  c4 s1  c5fs s2  c4 s1  c4 s3  c5fs s1  => 85554.1 dmg in 2425 frames
c5fs c4 s1  c5fs s3  c4 s1  c4fs s2  c4fs s1  c4 s3  c5fs s1  => 85687.5 dmg in 2441 frames
c5fs c4 s1  c5fs s3  c4 s1  c4 s2  c5fs s1  c3fs s3  c5fs s1  => 85761.6 dmg in 2450 frames
c5fs c4 s1  c5fs s3  c4 s1  c5 c5fs s1  c4 s2  c5fs s1  => 86147.9 dmg in 2453 frames
c5 c5 s1  c5 c4 s2  c1 s1  c5fs c4 s1  c5 c4 s2  c1 s1  => 87516.1 dmg in 2454 frames
c5 c5 s1  c5fs c3 s2  c1 s1  c5fs c4 s1  c5 c4 s2  c1 s1  => 87708.6 dmg in 2469 frames
c5fs c4 s1  c5fs c4 s1  c1 s2  c5 c4 s1  c5fs c4 s1  c1 s2  => 89069.4 dmg in 2483 frames
c5 c5 s1  c5 c4 s2  c1 s1  c4 s3  c5fs s1  c5 c4 s2  c1 s1  => 90353.1 dmg in 2489 frames
c5 c5 s1  c5fs c3 s2  c1 s1  c4 s3  c5fs s1  c5 c4 s2  c1 s1  => 90545.5 dmg in 2504 frames
c5fs c4 s1  c5 c1 s3  c4 s2  c1 s1  c5fs c4 s1  c5 c4 s2  c1 s1  => 91321.1 dmg in 2516 frames
c5fs c4 s1  c5fs s3  c4 s1  c1 s2  c5 c4 s1  c5fs c4 s1  c1 s2  => 92088.1 dmg in 2518 frames
c5fs c4 s1  c5fs s3  c4 s2  c1 s1  c5fs c4 s1  c5 c4 s2  c1 s1  => 92097.8 dmg in 2521 frames
c5fs c4 s1  c5fs s3  c4 s1  c1 s2  c5fs c3 s1  c5fs c4 s1  c1 s2  => 92295.6 dmg in 2533 frames
c4fs c4fs s1  c5fs s3  c4 s1  c1 s2  c5fs c3 s1  c5fs c4 s1  c1 s2  => 92419.3 dmg in 2549 frames
c5fs c4 s1  c5fs s3  c4 s1  c1 s2  c5 c4 s1  c4 s3  c5fs s1  c1 s2  => 93486.1 dmg in 2553 frames
c4fs c4fs s1  c5fs s3  c4 s1  c1 s2  c5 c4 s1  c4 s3  c5fs s1  c1 s2  => 93609.9 dmg in 2569 frames
c5fs c4 s1  c5fs s3  c4 s2  s1  c5fs c4 s1  c4 s3  c5fs s1  s2  => 93619.5 dmg in 2576 frames
c5fs c4 s1  c5fs s3  c3fs s1  c1 s2  c5 c4 s1  c4 s3  c5fs s1  c1 s2  => 93693.6 dmg in 2578 frames
c5fs c4 s1  c5fs s3  c4 s2  c1 s1  c5fs c4 s1  c4 s3  c5fs s1  s2  => 94323.4 dmg in 2592 frames
c5fs c4 s1  c5fs s3  c4 s2  c1 s1  c5fs c4 s1  c4 s3  c5fs s1  c1 s2  => 95027.4 dmg in 2608 frames
c4fs c4fs s1  c5fs s3  c4 s2  c1 s1  c5fs c4 s1  c4 s3  c5fs s1  c1 s2  => 95151.1 dmg in 2624 frames
c5fs c4 s1  c5fs s3  c4 s2  c1 s1  c5fs c4 s1  c3fs s3  c5fs s1  c1 s2  => 95234.8 dmg in 2633 frames
c5fs c4 s1  c5fs s3  c4 s1  c4 s2  c5fs s1  c5fs c5fs s1  c1 s2  => 95660.9 dmg in 2641 frames
c5fs c4 s1  c5fs s3  c4 s2  c1 s1  c5fs c4 s1  c4 s3  c5fs s1  c2 s2  => 95780.7 dmg in 2654 frames
c4fs c4fs s1  c5fs s3  c4 s1  c4 s2  c5fs s1  c5fs c5fs s1  c1 s2  => 95784.6 dmg in 2657 frames
c5fs c4 s1  c5fs s3  c4 s2  s1  c5fs c4 s1  c4 s3  c5fs s1  c1fs s2  => 95864.6 dmg in 2660 frames
c5fs c4 s1  c5fs s3  c4 s1  c4 s2  c5fs s1  c5fs c4 s1  c4 s2  => 96029.8 dmg in 2670 frames
c5fs c5fs s1  c4 s3  c5fs s1  c1 s2  c5 c4 s1  c4 s3  c5fs s1  c1 s2  => 96338.6 dmg in 2671 frames
c5fs c4 s1  c5fs s3  c4fs s2  c1 s1  c5fs c4 s1  c4 s3  c5fs s1  c1 s2  => 96472 dmg in 2675 frames
c5fs c4 s1  c5fs s3  c4 s2  c1 s1  c5fs c4 s1  c4 s3  c5fs s1  c1fs s2  => 96568.6 dmg in 2676 frames
c5fs c4fs s1  c4fs s3  c4fs s2  c1 s1  c5fs c4 s1  c4 s3  c5fs s1  c1 s2  => 96595.7 dmg in 2691 frames
c4fs c4fs s1  c5fs s3  c4 s2  c1 s1  c5fs c4 s1  c4 s3  c5fs s1  c1fs s2  => 96692.3 dmg in 2692 frames
c5fs c4 s1  c5fs s3  c4 s1  c1fs s2  c5fs c1fs s1  c5fs s3  c5fs s1  s2  => 96794.7 dmg in 2699 frames
c5fs c4 s1  c5fs s3  c4 s1  c4 s2  c5 c1 s1  c4 s3  c5fs s1  c4 s2  => 96832.9 dmg in 2700 frames
c5fs c4 s1  c5fs s3  c4 s2  c1 s1  c5 c5fs s1  c2fs s3  c5fs s2  c1fs s1  => 96924.2 dmg in 2703 frames
c5 c5fs s1  c5fs s3  c4 s1  c4 s2  c5fs s1  c5fs c5fs s1  c1 s2  => 96966.8 dmg in 2704 frames
c5fs c4 s1  c5fs s3  c4 s1  c4 s2  c5fs s1  c4 s3  c5fs s1  c4 s2  => 97670.1 dmg in 2705 frames
c4fs c4fs s1  c5fs s3  c4 s1  c4 s2  c5fs s1  c4 s3  c5fs s1  c4 s2  => 97793.9 dmg in 2721 frames
c5fs c4 s1  c5fs s3  c4 s1  c4 s2  c5fs s1  c5fs s3  c5fs s1  c2 s2  => 97914.2 dmg in 2722 frames
c5fs c4 s1  c5fs s3  c4 s2  c1 s1  c5fs c5fs s1  c1 s3  c5fs s2  c4 s1  => 97976.4 dmg in 2729 frames
c5fs c4 s1  c5fs s3  c4 s1  c4 s2  c5fs s1  c4fs s3  c5fs s1  c2fs s2  => 98159.2 dmg in 2733 frames
c5fs c4 s1  c5fs s3  c4 s1  c4 s2  c5fs s1  c5fs s3  c5fs s1  c1fs s2  => 98702.1 dmg in 2744 frames
c4fs c4fs s1  c5fs s3  c4 s1  c4 s2  c5fs s1  c5fs s3  c5fs s1  c1fs s2  => 98825.8 dmg in 2760 frames
c5 c5fs s1  c5fs s3  c4 s1  c4 s2  c5fs s1  c4 s3  c5fs s1  c4 s2  => 98976 dmg in 2768 frames
c5fs c4 s1  c5fs s3  c4 s1  c4 s2  c5fs s1  c4fs s3  c5fs s1  c4 s2  => 99211.4 dmg in 2772 frames
c5fs c4 s1  c5fs s3  c4 s1  c4 s2  c5fs s1  c5fs s3  c5fs s1  c2fs s2  => 99455.4 dmg in 2784 frames
c5fs c4 s1  c5fs s3  c4 s2  c1 s1  c5fs c5fs s1  c1 s3  c5fs s2  c4fs s1  => 99517.6 dmg in 2796 frames
c5fs c4fs s1  c5fs s3  c4 s1  c4 s2  c5fs s1  c4fs s3  c5fs s1  c2fs s2  => 99588.8 dmg in 2800 frames
c5 c5fs s1  c5fs s3  c4 s1  c4 s2  c5fs s1  c5fs s3  c5fs s1  c1fs s2  => 100008 dmg in 2807 frames
c5fs c4fs s1  c5fs s3  c4 s1  c4 s2  c5fs s1  c5fs s3  c5fs s1  c1fs s2  => 100132 dmg in 2811 frames
c5fs c4 s1  c5fs s3  c4 s1  c5fs s2  c4 s1  c4 s3  c5fs s1  c5fs s2  => 100619 dmg in 2823 frames
c5fs c4 s1  c5fs s3  c4 s1  c5fs s2  c4 s1  c4fs s3  c5fs s1  c4fs s2  => 100753 dmg in 2839 frames
c5fs c5fs s1  c4 s3  c5fs s1  c4 s2  c5fs s1  c1 s3  c5fs c5fs s1  c1 s2  => 100925 dmg in 2844 frames
c5fs c4 s1  c5fs s3  c4fs s1  c4fs s2  c5fs s1  c1 s3  c5fs c5fs s1  c1 s2  => 101059 dmg in 2860 frames
c5fs c5fs s1  c4 s3  c5fs s1  c4 s2  c5fs s1  c5fs s3  c5fs s1  c1fs s2  => 101453 dmg in 2862 frames
c5fs c4fs s1  c4fs s3  c5fs s1  c4 s2  c5fs s1  c5fs s3  c5fs s1  c1fs s2  => 101576 dmg in 2878 frames
c5 c5fs s1  c5fs s3  c4 s1  c5fs s2  c4 s1  c4 s3  c5fs s1  c5fs s2  => 101925 dmg in 2886 frames
c5fs c4 s1  c5fs s3  c4 s1  c5fs s2  c4 s1  c4fs s3  c5fs s1  c5fs s2  => 102160 dmg in 2890 frames
c5fs c5fs s1  c4 s3  c5fs s1  c4 s2  c5fs s1  c5fs s3  c5fs s1  c2fs s2  => 102206 dmg in 2902 frames
c5fs c4 s1  c5fs s3  c4 s1  c4fs s2  c4fs s1  c4fs s3  c5fs s1  c5fs s2  => 102294 dmg in 2906 frames
c5fs c5fs s1  c4 s3  c5fs s1  c4fs s2  c5fs s1  c1 s3  c5fs c5fs s1  c1 s2  => 102467 dmg in 2911 frames
c5fs c5fs c4 s3  c2 s1  c4 s2  c5fs s1  c5fs s3  c4 s1  c4 s2  c5fs s1  => 102725 dmg in 2922 frames
c5 c5fs s1  c5fs s3  c5fs s1  c4 s2  c5fs s1  c5fs s3  c5fs s1  c1fs s2  => 102759 dmg in 2925 frames
c5fs c5fs s1  c4fs s3  c5fs s1  c4 s2  c5fs s1  c5fs s3  c5fs s1  c1fs s2  => 102882 dmg in 2929 frames
c5fs c5fs s1  c4 s3  c5fs s1  c5fs s2  c4 s1  c4 s3  c5fs s1  c5fs s2  => 103472 dmg in 2941 frames
c5fs c5fs s1  c4 s3  c5fs s2  c5fs s1  c5fs s3  c4 s1  c4 s2  c5fs s1  => 103568 dmg in 2944 frames
c5fs c4fs s1  c4fs s3  c5fs s1  c5fs s2  c4 s1  c4 s3  c5fs s1  c5fs s2  => 103595 dmg in 2957 frames
c5fs c5fs s1  c4 s3  c5fs s2  c4 s1  c5fs s3  c4fs s1  c4fs s2  c5fs s1  => 103702 dmg in 2960 frames
c5fs c5fs s1  c4 s3  c5fs s1  c5fs s2  c5fs s1  c1 s3  c5fs c5fs s1  c1 s2  => 103875 dmg in 2962 frames
c5fs c4fs s1  c4fs s3  c5fs s1  c5fs s2  c5fs s1  c1 s3  c5fs c5fs s1  c1 s2  => 103998 dmg in 2978 frames
c5fs c5fs s1  c4 s3  c5fs s1  c4fs s2  c5fs s3  c1fs s1  c5fs c5fs s1  c1 s2  => 104008 dmg in 2979 frames
c5fs c5fs s1  c4 s3  c5fs s1  c5fs s2  c5fs s1  c5fs s3  c5fs s1  c1fs s2  => 104256 dmg in 2980 frames
c5fs c5fs c4 s3  c2fs s1  c5fs s2  c4 s1  c4 s3  c5fs s1  c5fs s2  c4 s1  => 104266 dmg in 2984 frames
c5fs c5fs s1  c4 s3  c5fs s1  c5fs s2  c4 s1  c1 s3  c5fs c4 s1  c5fs s2  => 104272 dmg in 2991 frames
c5fs c4fs s1  c4fs s3  c5fs s1  c5fs s2  c5fs s1  c5fs s3  c5fs s1  c1fs s2  => 104380 dmg in 2996 frames
c5fs c5fs c4 s3  c2fs s1  c4 s2  c5fs s1  c4 s3  c5fs s1  c4fs s2  c4fs s1  => 104399 dmg in 3000 frames
c5 c5fs s1  c5fs s3  c5fs s1  c5fs s2  c4 s1  c4 s3  c5fs s1  c5fs s2  => 104778 dmg in 3004 frames
c5 c5fs s1  c5fs s3  c5fs s2  c5fs s1  c5fs s3  c4 s1  c4 s2  c5fs s1  => 104874 dmg in 3007 frames
c5fs c5fs s1  c4fs s3  c5fs s1  c5fs s2  c4 s1  c4 s3  c5fs s1  c5fs s2  => 104901 dmg in 3008 frames
c5fs c5fs s1  c4 s3  c5fs s2  c5fs s1  c4 s3  c5fs s1  c4fs s2  c5fs s1  => 105109 dmg in 3011 frames
c5fs c4 s1  c5fs s3  c4 s1  c5fs s2  c4 s1  c4 s3  c5fs s1  c5fs c4 s1  => 105560 dmg in 3020 frames
c5fs c4 s1  c5fs c4 s1  c1 s2  c5 c4 s1  c5fs c4 s1  c1 s2  c5 c4 s1  => 106197 dmg in 3026 frames
c5fs c4 s1  c5fs c4 s1  c5fs s2  c4 s1  c5fs c4 s1  c5 c1 s2  c4 s1  => 106974 dmg in 3031 frames
c5fs c4 s1  c5fs c4 s1  c5fs s2  c4 s1  c5fs c4 s1  c5fs s2  c4 s1  => 107751 dmg in 3036 frames
c5fs c4 s1  c5fs c4 s1  c4 s2  c5fs s1  c5fs c4 s1  c4fs s2  c4fs s1  => 107874 dmg in 3052 frames
c5fs c4 s1  c5fs s3  c4 s1  c1 s2  c5 c4 s1  c5fs c4 s1  c1 s2  c5 c4 s1  => 109216 dmg in 3061 frames
c5fs c4 s1  c5fs s3  c4 s1  c5fs s2  c4 s1  c5fs c4 s1  c5 c1 s2  c4 s1  => 110053 dmg in 3066 frames
c5fs c4 s1  c5fs s3  c4 s1  c5fs s2  c4 s1  c5fs c4 s1  c5fs s2  c4 s1  => 110830 dmg in 3071 frames
c5fs c4 s1  c5fs s3  c4 s1  c5fs s2  c4 s1  c4fs c4fs s1  c5fs s2  c4 s1  => 110963 dmg in 3087 frames
c5fs c4 s1  c5fs s3  c4 s1  c5 c4 s2  c1 s1  c4 s3  c5fs s1  c5 c4 s2  c1 s1  => 111951 dmg in 3096 frames
c5fs c4 s1  c5fs s3  c4 s1  c5fs s2  c4 s1  c4 s3  c5fs s1  c5 c4 s2  c1 s1  => 112788 dmg in 3101 frames
c5fs c4 s1  c5fs s3  c4 s1  c5fs s2  c4 s1  c4 s3  c5fs s1  c5fs s2  c4 s1  => 113626 dmg in 3106 frames
c5fs c4 s1  c5fs s3  c4 s1  c4 s2  c5fs s1  c4 s3  c5fs s1  c4fs s2  c4fs s1  => 113759 dmg in 3122 frames
c5fs c4 s1  c5fs s3  c4 s1  c4 s2  c5fs s1  c4 s3  c5fs s1  c3fs s2  c5fs s1  => 113833 dmg in 3131 frames
c5fs c4 s1  c5fs s3  c4 s1  c4fs s2  c4fs s1  c4 s3  c5fs s1  c4fs s2  c4fs s1  => 113892 dmg in 3138 frames
c5fs c4 s1  c5fs s3  c4 s1  c5fs s2  c4 s1  c4 s3  c5fs s1  c5fs s2  c1fs c1fs s1  => 114065 dmg in 3145 frames
c5fs c4 s1  c5fs s3  c4 s1  c5fs s2  c4 s1  c4 s3  c5fs s1  c5fs c4 s1  c1 s2  => 114330 dmg in 3153 frames
c5 c5fs s1  c5fs s3  c4 s1  c5fs s2  c4 s1  c4 s3  c5fs s1  c5fs s2  c4 s1  => 114932 dmg in 3169 frames
c5fs c4 s1  c5fs s3  c4 s1  c4 s2  c5fs s1  c4 s3  c5fs s1  c4fs s2  c5fs s1  => 115167 dmg in 3173 frames
c5fs c4 s1  c5fs s3  c4 s1  c4fs s2  c4fs s1  c4 s3  c5fs s1  c4fs s2  c5fs s1  => 115300 dmg in 3189 frames
c5fs c4 s1  c5fs s3  c4 s1  c4 s2  c5fs s1  c3fs s3  c5fs s1  c4fs s2  c5fs s1  => 115374 dmg in 3198 frames
c5fs c4 s1  c5fs s3  c4 s1  c4fs s2  c4fs s1  c4fs s3  c5fs s1  c4fs s2  c4fs s1  => 115434 dmg in 3205 frames
c5fs c4 s1  c5fs s3  c4 s1  c1fs s2  c5fs c1fs s1  c4 s3  c5fs s1  c4fs s2  c5fs s1  => 115606 dmg in 3212 frames
c5 c5fs s1  c5fs s3  c4 s1  c5fs s2  c4 s1  c4 s3  c5fs s1  c5fs c4 s1  c1 s2  => 115635 dmg in 3216 frames
c5fs c4 s1  c5fs s3  c4 s1  c5fs s2  c4 s1  c4 s3  c5fs s1  c5 c1 s2  c5fs s1  => 115737 dmg in 3219 frames
c5fs c4 s1  c5fs s3  c4 s1  c5fs s2  c4 s1  c4fs s3  c5fs s1  c5fs c4 s1  c1 s2  => 115871 dmg in 3220 frames
c5fs c4 s1  c5fs s3  c4 s1  c5fs s2  c4 s1  c4 s3  c5fs s1  c5fs s2  c5fs s1  => 116575 dmg in 3224 frames
c5fs c4 s1  c5fs s3  c4 s1  c5fs s2  c4 s1  c4fs s3  c5fs s1  c4fs s2  c5fs s1  => 116708 dmg in 3240 frames
c5fs c4 s1  c5fs s3  c4 s1  c5fs s2  c4 s1  c3fs s3  c5fs s1  c5fs s2  c5fs s1  => 116782 dmg in 3249 frames
c5fs c4 s1  c5fs s3  c4 s1  c4fs s2  c4fs s1  c4fs s3  c5fs s1  c4fs s2  c5fs s1  => 116841 dmg in 3256 frames
c5fs c4 s1  c5fs s3  c4 s1  c1fs s2  c5fs c1fs s1  c4 s3  c5fs s1  c5fs s2  c5fs s1  => 117014 dmg in 3263 frames
c5fs c5fs s1  c4 s3  c5fs s1  c5fs s2  c4 s1  c4 s3  c5fs s1  c5fs c4 s1  c1 s2  => 117182 dmg in 3271 frames
c5fs c4 s1  c5fs s3  c4 s2  c1 s1  c5fs c4 s1  c4 s3  c5fs s1  c5fs s2  c5fs s1  => 117279 dmg in 3274 frames
c5 c5fs s1  c5fs s3  c4 s1  c5fs s2  c4 s1  c4 s3  c5fs s1  c5fs s2  c5fs s1  => 117881 dmg in 3287 frames
c5fs c4 s1  c5fs s3  c4 s1  c5fs s2  c4 s1  c4fs s3  c5fs s1  c5fs s2  c5fs s1  => 118116 dmg in 3291 frames
c5fs c4 s1  c5fs s3  c4 s1  c4fs s2  c4fs s1  c4fs s3  c5fs s1  c5fs s2  c5fs s1  => 118249 dmg in 3307 frames
c5fs c3fs s1  c5fs s3  c4 s1  c5fs s2  c4 s1  c4fs s3  c5fs s1  c5fs s2  c5fs s1  => 118308 dmg in 3316 frames
c4fs c4fs s1  c5fs s3  c4 s1  c4fs s2  c4fs s1  c4fs s3  c5fs s1  c5fs s2  c5fs s1  => 118373 dmg in 3323 frames
c5fs c1fs c1fs s1  c5fs s3  c4 s1  c5fs s2  c4 s1  c4fs s3  c5fs s1  c5fs s2  c5fs s1  => 118524 dmg in 3330 frames
c5fs c5 c1 s1  c4 s3  c5fs s1  c5fs s2  c4 s1  c4 s3  c5fs s1  c5fs s2  c5fs s1  => 118650 dmg in 3337 frames
c5fs c5fs s1  c4 s3  c5fs s1  c5fs s2  c4 s1  c4 s3  c5fs s1  c5fs c4 s1  c1fs s2  => 118723 dmg in 3339 frames
c5fs c4 s1  c5fs s3  c4 s1  c5fs s2  c4 s1  c4fs s3  c5fs s1  c5fs c1 s2  c5fs s1  => 118820 dmg in 3341 frames
c5fs c5fs s1  c4 s3  c5fs s1  c5fs s2  c4 s1  c4 s3  c5fs s1  c5fs s2  c5fs s1  => 119427 dmg in 3342 frames
c5fs c4fs s1  c4fs s3  c5fs s1  c5fs s2  c4 s1  c4 s3  c5fs s1  c5fs s2  c5fs s1  => 119551 dmg in 3358 frames
c5fs c5fs s1  c4 s3  c5fs s1  c5fs s2  c4 s1  c3fs s3  c5fs s1  c5fs s2  c5fs s1  => 119620 dmg in 3367 frames
c5fs c4fs s1  c5fs s3  c4 s1  c4fs s2  c4fs s1  c4fs s3  c5fs s1  c5fs s2  c5fs s1  => 119679 dmg in 3374 frames
c5fs c1fs c1fs s1  c5fs s3  c5fs s1  c5fs s2  c4 s1  c4 s3  c5fs s1  c5fs s2  c5fs s1  => 119835 dmg in 3381 frames
c5fs c5fs s1  c4 s3  c5fs s1  c5fs s2  c5fs s1  c4 s3  c5fs s1  c5fs c4 s1  c1 s2  => 119985 dmg in 3389 frames
c5fs c5fs s1  c4 s3  c5fs s1  c5fs s2  c4 s1  c4 s3  c5fs s1  c5fs c1 s2  c5fs s1  => 120131 dmg in 3392 frames
c5 c5fs s1  c5fs s3  c5fs s1  c5fs s2  c4 s1  c4 s3  c5fs s1  c5fs s2  c5fs s1  => 120733 dmg in 3405 frames
c5fs c5fs s1  c4fs s3  c5fs s1  c5fs s2  c4 s1  c4 s3  c5fs s1  c5fs s2  c5fs s1  => 120857 dmg in 3409 frames
c5fs c5fs s1  c5fs s3  c4 s1  c4fs s2  c4fs s1  c4fs s3  c5fs s1  c5fs s2  c5fs s1  => 120985 dmg in 3425 frames
c5fs c5fs s1  c4fs s3  c5fs s1  c5fs s2  c4 s1  c3fs s3  c5fs s1  c5fs s2  c5fs s1  => 121049 dmg in 3434 frames
c5 c5fs s1  c5fs s3  c5fs s1  c1fs s2  c5fs c1fs s1  c4 s3  c5fs s1  c5fs s2  c5fs s1  => 121082 dmg in 3444 frames
c5fs c1fs c1fs s1  c5fs s3  c5fs s1  c5fs s2  c4 s1  c4fs s3  c5fs s1  c5fs s2  c5fs s1  => 121265 dmg in 3448 frames
c5 c5fs s1  c5fs s3  c5fs s1  c5fs s2  c5fs s1  c4 s3  c5fs s1  c5fs c4 s1  c1 s2  => 121291 dmg in 3452 frames
c5fs c5 c1 s1  c4 s3  c5fs s1  c5fs s2  c5fs s1  c4 s3  c5fs s1  c5fs s2  c5fs s1  => 121454 dmg in 3455 frames
c5fs c5fs s1  c4 s3  c5fs s1  c5fs s2  c5fs s1  c4 s3  c5fs s1  c5fs c4 s1  c1fs s2  => 121527 dmg in 3457 frames
c5fs c4fs c1 s1  c4 s3  c5fs s1  c5fs s2  c5fs s1  c4 s3  c5fs s1  c5fs s2  c5fs s1  => 121578 dmg in 3459 frames
c5fs c5fs s1  c4 s3  c5fs s1  c5fs s2  c5fs s1  c4 s3  c5fs s1  c5fs s2  c5fs s1  => 122230 dmg in 3460 frames
c5fs c4fs s1  c4fs s3  c5fs s1  c5fs s2  c5fs s1  c4 s3  c5fs s1  c5fs s2  c5fs s1  => 122354 dmg in 3476 frames
c5fs c5fs s1  c4 s3  c5fs s1  c5fs s2  c5fs s1  c3fs s3  c5fs s1  c5fs s2  c5fs s1  => 122423 dmg in 3485 frames
c5fs c1fs c1fs s1  c5fs s3  c5fs s1  c5fs s2  c5fs s1  c4 s3  c5fs s1  c5fs s2  c5fs s1  => 122638 dmg in 3499 frames
c5fs c5fs s1  c4 s3  c5fs s1  c5fs s2  c5fs s1  c5fs s3  c4 s1  c5fs c5fs s1  c1 s2  => 122721 dmg in 3507 frames
c5fs c5fs s1  c4 s3  c5fs s1  c5fs s2  c5fs s1  c4 s3  c5fs s1  c5fs c1 s2  c5fs s1  => 122934 dmg in 3510 frames
c5 c5fs s1  c5fs s3  c5fs s1  c5fs s2  c5fs s1  c4 s3  c5fs s1  c5fs s2  c5fs s1  => 123536 dmg in 3523 frames
c5fs c5fs s1  c4fs s3  c5fs s1  c5fs s2  c5fs s1  c4 s3  c5fs s1  c5fs s2  c5fs s1  => 123660 dmg in 3527 frames
c5fs c4fs s1  c4fs s3  c5fs s1  c5fs s2  c5fs s1  c4fs s3  c5fs s1  c5fs s2  c5fs s1  => 123784 dmg in 3543 frames
c5fs c5fs s1  c4fs s3  c5fs s1  c5fs s2  c5fs s1  c3fs s3  c5fs s1  c5fs s2  c5fs s1  => 123853 dmg in 3552 frames
c5fs c1fs c1fs s1  c5fs s3  c5fs s1  c5fs s2  c5fs s1  c4fs s3  c5fs s1  c5fs s2  c5fs s1  => 124068 dmg in 3566 frames
c5 c5fs s1  c5fs c1fs s2  c1fs s1  c5 c5fs s1  c5fs s2  c5fs s1  c5fs c5fs s1  c1 s2  => 124376 dmg in 3570 frames
c5fs c5fs s1  c5fs c1 s2  c5fs s1  c5fs c4 s1  c4 s2  c5fs s1  c5fs c5fs s1  c1 s2  => 124745 dmg in 3573 frames
c5fs c5fs s1  c5fs s3  c5fs s1  c5fs s2  c5fs s1  c4 s3  c5fs s1  c5fs s2  c5fs s1  => 124966 dmg in 3578 frames
c5fs c5fs s1  c4fs s3  c5fs s1  c5fs s2  c5fs s1  c4fs s3  c5fs s1  c5fs s2  c5fs s1  => 125090 dmg in 3594 frames
